2020-12-13T14:47:11.5524955+03:00  [INF] User profile is available. Using '"C:\Users\Сергей\AppData\Local\ASP.NET\DataProtection-Keys"' as key repository and Windows DPAPI to encrypt keys at rest. (7ac5e29c)
2020-12-13T14:47:11.8486087+03:00  [INF] Now listening on: "http://127.0.0.1:6591" (d826f4b8)
2020-12-13T14:47:11.8508932+03:00  [INF] Application started. Press Ctrl+C to shut down. (dcaefe54)
2020-12-13T14:47:11.8509567+03:00  [INF] Hosting environment: "Development" (c3307c92)
2020-12-13T14:47:11.8509861+03:00  [INF] Content root path: "C:\Users\Сергей\RiderProjects\HeritageWebApplication\HeritageWebApplication" (b5d60022)
2020-12-13T14:47:12.1706579+03:00 0HM4VBJA5HM3K:00000001 [INF] Request starting HTTP/1.1 GET http://localhost:44327/   (ca22a1cb)
2020-12-13T14:47:12.2167485+03:00 0HM4VBJA5HM3K:00000001 [INF] Executing endpoint '"HeritageWebApplication.Controllers.HomeController.Index (HeritageWebApplication)"' (500cc934)
2020-12-13T14:47:12.2591424+03:00 0HM4VBJA5HM3K:00000001 [INF] Route matched with "{action = \"Index\", controller = \"Home\", area = \"\"}". Executing controller action with signature "Microsoft.AspNetCore.Mvc.IActionResult Index()" on controller "HeritageWebApplication.Controllers.HomeController" ("HeritageWebApplication"). (122b2fdf)
2020-12-13T14:47:13.1510494+03:00 0HM4VBJA5HM3K:00000001 [INF] Entity Framework Core "5.0.0" initialized '"ApplicationDbContext"' using provider '"Npgsql.EntityFrameworkCore.PostgreSQL"' with options: "None" (9958f5bb)
2020-12-13T14:47:15.3233374+03:00 0HM4VBJA5HM3K:00000001 [INF] Executed DbCommand ("563"ms) [Parameters=[""], CommandType='Text', CommandTimeout='30']"
""SELECT b.\"Id\", b.\"Desc\", b.\"Image\", b.\"Location\", b.\"Name\", b.\"ShortDesc\"
FROM \"Buildings\" AS b" (0723d8ff)
2020-12-13T14:47:15.3720275+03:00 0HM4VBJA5HM3K:00000001 [INF] Executing ViewResult, running view "Index". (c83d0e25)
2020-12-13T14:47:15.4497442+03:00 0HM4VBJA5HM3K:00000001 [INF] Executed ViewResult - view "Index" executed in 75.5873ms. (f66409e9)
2020-12-13T14:47:15.4501538+03:00 0HM4VBJA5HM3K:00000001 [INF] Executed action "HeritageWebApplication.Controllers.HomeController.Index (HeritageWebApplication)" in 3190.717ms (afa2e885)
2020-12-13T14:47:15.4515700+03:00 0HM4VBJA5HM3K:00000001 [INF] Executed endpoint '"HeritageWebApplication.Controllers.HomeController.Index (HeritageWebApplication)"' (99874f2b)
2020-12-13T14:47:15.4602291+03:00 0HM4VBJA5HM3K:00000001 [INF] Request finished in 3292.4527ms 200 text/html; charset=utf-8 (791a596a)
2020-12-13T14:47:15.5250444+03:00 0HM4VBJA5HM3L:00000001 [INF] Request starting HTTP/1.1 GET http://localhost:44327/img/heritageObjects/f2d3a666-3b53-443b-9214-ff4da5083466_house.jpg   (ca22a1cb)
2020-12-13T14:47:15.5275861+03:00 0HM4VBJA5HM3L:00000001 [INF] Request finished in 2.5623ms 404  (791a596a)
2020-12-13T14:47:15.5278359+03:00 0HM4VBJA5HM3K:00000002 [INF] Request starting HTTP/1.1 GET http://localhost:44327/img/heritageObjects/18122d89-7c41-4735-b15a-8f8f66fcd226_ratusha.jpg   (ca22a1cb)
2020-12-13T14:47:15.5431928+03:00 0HM4VBJA5HM3K:00000002 [INF] Request finished in 15.3246ms 404  (791a596a)
2020-12-13T14:47:15.5807580+03:00 0HM4VBJA5HM3L:00000002 [INF] Request starting HTTP/1.1 POST http://localhost:44327/chat/negotiate?negotiateVersion=1 text/plain;charset=UTF-8 0 (ca22a1cb)
2020-12-13T14:47:15.5828645+03:00 0HM4VBJA5HM3L:00000002 [INF] Executing endpoint '"/chat/negotiate"' (500cc934)
2020-12-13T14:47:15.5833285+03:00 0HM4VBJA5HM3K:00000003 [INF] Request starting HTTP/1.1 GET http://localhost:44327/favicon.ico   (ca22a1cb)
2020-12-13T14:47:15.5836508+03:00 0HM4VBJA5HM3K:00000003 [INF] Request finished in 0.3398ms 404  (791a596a)
2020-12-13T14:47:15.5900364+03:00 0HM4VBJA5HM3L:00000002 [INF] Executed endpoint '"/chat/negotiate"' (99874f2b)
2020-12-13T14:47:15.5901587+03:00 0HM4VBJA5HM3L:00000002 [INF] Request finished in 9.5095ms 200 application/json (791a596a)
2020-12-13T14:47:15.6176466+03:00 0HM4VBJA5HM3K:00000004 [INF] Request starting HTTP/1.1 GET http://localhost:44327/chat?id=mHf-F8UfyT2tCKYaHKAb1g   (ca22a1cb)
2020-12-13T14:47:15.6178626+03:00 0HM4VBJA5HM3K:00000004 [INF] Executing endpoint '"/chat"' (500cc934)
2020-12-13T14:47:19.2145323+03:00 0HM4VBJA5HM3L:00000003 [INF] Request starting HTTP/1.1 GET http://localhost:44327/Admin/Building   (ca22a1cb)
2020-12-13T14:47:19.2174916+03:00 0HM4VBJA5HM3L:00000003 [INF] Executing endpoint '"HeritageWebApplication.Areas.Admin.Controllers.BuildingController.Index (HeritageWebApplication)"' (500cc934)
2020-12-13T14:47:19.2214455+03:00 0HM4VBJA5HM3L:00000003 [INF] Route matched with "{area = \"Admin\", action = \"Index\", controller = \"Building\"}". Executing controller action with signature "Microsoft.AspNetCore.Mvc.IActionResult Index()" on controller "HeritageWebApplication.Areas.Admin.Controllers.BuildingController" ("HeritageWebApplication"). (122b2fdf)
2020-12-13T14:47:19.2297123+03:00 0HM4VBJA5HM3L:00000003 [INF] Authorization failed. (b15dd539)
2020-12-13T14:47:19.2304034+03:00 0HM4VBJA5HM3L:00000003 [INF] Authorization failed for the request at filter '"Microsoft.AspNetCore.Mvc.Authorization.AuthorizeFilter"'. (8b6446cb)
2020-12-13T14:47:19.2324088+03:00 0HM4VBJA5HM3L:00000003 [INF] Executing ChallengeResult with authentication schemes ([]). (f3dca807)
2020-12-13T14:47:19.2344199+03:00 0HM4VBJA5HM3L:00000003 [INF] AuthenticationScheme: "Identity.Application" was challenged. (d45f1f38)
2020-12-13T14:47:19.2345082+03:00 0HM4VBJA5HM3L:00000003 [INF] Executed action "HeritageWebApplication.Areas.Admin.Controllers.BuildingController.Index (HeritageWebApplication)" in 12.9659ms (afa2e885)
2020-12-13T14:47:19.2345499+03:00 0HM4VBJA5HM3L:00000003 [INF] Executed endpoint '"HeritageWebApplication.Areas.Admin.Controllers.BuildingController.Index (HeritageWebApplication)"' (99874f2b)
2020-12-13T14:47:19.2347899+03:00 0HM4VBJA5HM3L:00000003 [INF] Request finished in 20.9198ms 302  (791a596a)
2020-12-13T14:47:19.2403538+03:00 0HM4VBJA5HM3L:00000004 [INF] Request starting HTTP/1.1 GET http://localhost:44327/Account/Login?ReturnUrl=%2FAdmin%2FBuilding   (ca22a1cb)
2020-12-13T14:47:19.2407705+03:00 0HM4VBJA5HM3L:00000004 [INF] Executing endpoint '"HeritageWebApplication.Controllers.AccountController.Login (HeritageWebApplication)"' (500cc934)
2020-12-13T14:47:19.2491588+03:00 0HM4VBJA5HM3L:00000004 [INF] Route matched with "{action = \"Login\", controller = \"Account\", area = \"\"}". Executing controller action with signature "Microsoft.AspNetCore.Mvc.IActionResult Login(System.String)" on controller "HeritageWebApplication.Controllers.AccountController" ("HeritageWebApplication"). (122b2fdf)
2020-12-13T14:47:19.2611080+03:00 0HM4VBJA5HM3L:00000004 [INF] Executing ViewResult, running view "Login". (c83d0e25)
2020-12-13T14:47:19.2914768+03:00 0HM4VBJA5HM3L:00000004 [INF] Executed ViewResult - view "Login" executed in 31.1645ms. (f66409e9)
2020-12-13T14:47:19.2915756+03:00 0HM4VBJA5HM3L:00000004 [INF] Executed action "HeritageWebApplication.Controllers.AccountController.Login (HeritageWebApplication)" in 42.3566ms (afa2e885)
2020-12-13T14:47:19.2916048+03:00 0HM4VBJA5HM3L:00000004 [INF] Executed endpoint '"HeritageWebApplication.Controllers.AccountController.Login (HeritageWebApplication)"' (99874f2b)
2020-12-13T14:47:19.2919516+03:00 0HM4VBJA5HM3L:00000004 [INF] Request finished in 51.6318ms 200 text/html; charset=utf-8 (791a596a)
2020-12-13T14:47:19.3085302+03:00 0HM4VBJA5HM3K:00000004 [INF] Executed endpoint '"/chat"' (99874f2b)
2020-12-13T14:47:19.3100268+03:00 0HM4VBJA5HM3K:00000004 [INF] Request finished in 3692.3217ms 101  (791a596a)
2020-12-13T14:47:19.3429999+03:00 0HM4VBJA5HM3L:00000005 [INF] Request starting HTTP/1.1 POST http://localhost:44327/chat/negotiate?negotiateVersion=1 text/plain;charset=UTF-8 0 (ca22a1cb)
2020-12-13T14:47:19.3436566+03:00 0HM4VBJA5HM3L:00000005 [INF] Executing endpoint '"/chat/negotiate"' (500cc934)
2020-12-13T14:47:19.3441162+03:00 0HM4VBJA5HM3L:00000005 [INF] Executed endpoint '"/chat/negotiate"' (99874f2b)
2020-12-13T14:47:19.3441887+03:00 0HM4VBJA5HM3L:00000005 [INF] Request finished in 1.267ms 200 application/json (791a596a)
2020-12-13T14:47:19.3623664+03:00 0HM4VBJA5HM3L:00000006 [INF] Request starting HTTP/1.1 GET http://localhost:44327/chat?id=Jycr2dLXIroIhww7zPI1PA   (ca22a1cb)
2020-12-13T14:47:19.3625862+03:00 0HM4VBJA5HM3L:00000006 [INF] Executing endpoint '"/chat"' (500cc934)
2020-12-13T14:47:23.0487961+03:00 0HM4VBJA5HM3M:00000001 [INF] Request starting HTTP/1.1 GET http://localhost:44327/Account/Login   (ca22a1cb)
2020-12-13T14:47:23.0511794+03:00 0HM4VBJA5HM3M:00000001 [INF] Executing endpoint '"HeritageWebApplication.Controllers.AccountController.Login (HeritageWebApplication)"' (500cc934)
2020-12-13T14:47:23.0517150+03:00 0HM4VBJA5HM3M:00000001 [INF] Route matched with "{action = \"Login\", controller = \"Account\", area = \"\"}". Executing controller action with signature "Microsoft.AspNetCore.Mvc.IActionResult Login(System.String)" on controller "HeritageWebApplication.Controllers.AccountController" ("HeritageWebApplication"). (122b2fdf)
2020-12-13T14:47:23.0582133+03:00 0HM4VBJA5HM3M:00000001 [INF] Executing ViewResult, running view "Login". (c83d0e25)
2020-12-13T14:47:23.0625562+03:00 0HM4VBJA5HM3M:00000001 [INF] Executed ViewResult - view "Login" executed in 4.5714ms. (f66409e9)
2020-12-13T14:47:23.0626922+03:00 0HM4VBJA5HM3M:00000001 [INF] Executed action "HeritageWebApplication.Controllers.AccountController.Login (HeritageWebApplication)" in 10.8624ms (afa2e885)
2020-12-13T14:47:23.0627590+03:00 0HM4VBJA5HM3M:00000001 [INF] Executed endpoint '"HeritageWebApplication.Controllers.AccountController.Login (HeritageWebApplication)"' (99874f2b)
2020-12-13T14:47:23.0629592+03:00 0HM4VBJA5HM3M:00000001 [INF] Request finished in 14.3169ms 200 text/html; charset=utf-8 (791a596a)
2020-12-13T14:47:23.0690983+03:00 0HM4VBJA5HM3L:00000006 [INF] Executed endpoint '"/chat"' (99874f2b)
2020-12-13T14:47:23.0691962+03:00 0HM4VBJA5HM3L:00000006 [INF] Request finished in 3706.8636ms 101  (791a596a)
2020-12-13T14:47:23.0948036+03:00 0HM4VBJA5HM3M:00000002 [INF] Request starting HTTP/1.1 POST http://localhost:44327/chat/negotiate?negotiateVersion=1 text/plain;charset=UTF-8 0 (ca22a1cb)
2020-12-13T14:47:23.0953108+03:00 0HM4VBJA5HM3M:00000002 [INF] Executing endpoint '"/chat/negotiate"' (500cc934)
2020-12-13T14:47:23.0956030+03:00 0HM4VBJA5HM3M:00000002 [INF] Executed endpoint '"/chat/negotiate"' (99874f2b)
2020-12-13T14:47:23.0956426+03:00 0HM4VBJA5HM3M:00000002 [INF] Request finished in 0.9133ms 200 application/json (791a596a)
2020-12-13T14:47:23.1013494+03:00 0HM4VBJA5HM3M:00000003 [INF] Request starting HTTP/1.1 GET http://localhost:44327/chat?id=GELLDH-cNN4mMIHdE_AbCw   (ca22a1cb)
2020-12-13T14:47:23.1015579+03:00 0HM4VBJA5HM3M:00000003 [INF] Executing endpoint '"/chat"' (500cc934)
2020-12-13T14:47:30.8598461+03:00 0HM4VBJA5HM3N:00000001 [INF] Request starting HTTP/1.1 POST http://localhost:44327/Account/Login application/x-www-form-urlencoded 241 (ca22a1cb)
2020-12-13T14:47:30.8611267+03:00 0HM4VBJA5HM3N:00000001 [INF] Executing endpoint '"HeritageWebApplication.Controllers.AccountController.Login (HeritageWebApplication)"' (500cc934)
2020-12-13T14:47:30.8683695+03:00 0HM4VBJA5HM3N:00000001 [INF] Route matched with "{action = \"Login\", controller = \"Account\", area = \"\"}". Executing controller action with signature "System.Threading.Tasks.Task`1[Microsoft.AspNetCore.Mvc.IActionResult] Login(HeritageWebApplication.ViewModels.LoginViewModel)" on controller "HeritageWebApplication.Controllers.AccountController" ("HeritageWebApplication"). (122b2fdf)
2020-12-13T14:47:30.9164657+03:00 0HM4VBJA5HM3N:00000001 [INF] Entity Framework Core "5.0.0" initialized '"ApplicationDbContext"' using provider '"Npgsql.EntityFrameworkCore.PostgreSQL"' with options: "None" (9958f5bb)
2020-12-13T14:47:31.1617667+03:00 0HM4VBJA5HM3N:00000001 [INF] Executed DbCommand ("165"ms) [Parameters=["@__normalizedEmail_0='?'"], CommandType='Text', CommandTimeout='30']"
""SELECT a.\"Id\", a.\"AccessFailedCount\", a.\"ConcurrencyStamp\", a.\"Email\", a.\"EmailConfirmed\", a.\"Image\", a.\"LockoutEnabled\", a.\"LockoutEnd\", a.\"NormalizedEmail\", a.\"NormalizedUserName\", a.\"PasswordHash\", a.\"PhoneNumber\", a.\"PhoneNumberConfirmed\", a.\"SecurityStamp\", a.\"TwoFactorEnabled\", a.\"UserName\"
FROM \"AspNetUsers\" AS a
WHERE a.\"NormalizedEmail\" = @__normalizedEmail_0
LIMIT 2" (0723d8ff)
2020-12-13T14:47:31.2307149+03:00 0HM4VBJA5HM3N:00000001 [WRN] Invalid password for user. (6d284782)
2020-12-13T14:47:31.2324247+03:00 0HM4VBJA5HM3N:00000001 [WRN] User "2" failed to provide the correct password. (ec8d2479)
2020-12-13T14:47:31.2354200+03:00 0HM4VBJA5HM3N:00000001 [INF] Executing ViewResult, running view "Login". (c83d0e25)
2020-12-13T14:47:31.2386122+03:00 0HM4VBJA5HM3N:00000001 [INF] Executed ViewResult - view "Login" executed in 3.2774ms. (f66409e9)
2020-12-13T14:47:31.2393495+03:00 0HM4VBJA5HM3N:00000001 [INF] Executed action "HeritageWebApplication.Controllers.AccountController.Login (HeritageWebApplication)" in 370.9027ms (afa2e885)
2020-12-13T14:47:31.2394039+03:00 0HM4VBJA5HM3N:00000001 [INF] Executed endpoint '"HeritageWebApplication.Controllers.AccountController.Login (HeritageWebApplication)"' (99874f2b)
2020-12-13T14:47:31.2397614+03:00 0HM4VBJA5HM3N:00000001 [INF] Request finished in 380.1326ms 200 text/html; charset=utf-8 (791a596a)
2020-12-13T14:47:31.2475797+03:00 0HM4VBJA5HM3M:00000003 [INF] Executed endpoint '"/chat"' (99874f2b)
2020-12-13T14:47:31.2480109+03:00 0HM4VBJA5HM3M:00000003 [INF] Request finished in 8146.6299ms 101  (791a596a)
2020-12-13T14:47:31.2694083+03:00 0HM4VBJA5HM3N:00000002 [INF] Request starting HTTP/1.1 POST http://localhost:44327/chat/negotiate?negotiateVersion=1 text/plain;charset=UTF-8 0 (ca22a1cb)
2020-12-13T14:47:31.2696288+03:00 0HM4VBJA5HM3N:00000002 [INF] Executing endpoint '"/chat/negotiate"' (500cc934)
2020-12-13T14:47:31.2699539+03:00 0HM4VBJA5HM3N:00000002 [INF] Executed endpoint '"/chat/negotiate"' (99874f2b)
2020-12-13T14:47:31.2699973+03:00 0HM4VBJA5HM3N:00000002 [INF] Request finished in 0.6569ms 200 application/json (791a596a)
2020-12-13T14:47:31.2791158+03:00 0HM4VBJA5HM3N:00000003 [INF] Request starting HTTP/1.1 GET http://localhost:44327/chat?id=a5zDe3IY7Vg2_LaK_rhM7w   (ca22a1cb)
2020-12-13T14:47:31.2793140+03:00 0HM4VBJA5HM3N:00000003 [INF] Executing endpoint '"/chat"' (500cc934)
2020-12-13T14:47:46.7604270+03:00 0HM4VBJA5HM3O:00000001 [INF] Request starting HTTP/1.1 POST http://localhost:44327/Account/Login application/x-www-form-urlencoded 239 (ca22a1cb)
2020-12-13T14:47:46.7613731+03:00 0HM4VBJA5HM3O:00000001 [INF] Executing endpoint '"HeritageWebApplication.Controllers.AccountController.Login (HeritageWebApplication)"' (500cc934)
2020-12-13T14:47:46.7616650+03:00 0HM4VBJA5HM3O:00000001 [INF] Route matched with "{action = \"Login\", controller = \"Account\", area = \"\"}". Executing controller action with signature "System.Threading.Tasks.Task`1[Microsoft.AspNetCore.Mvc.IActionResult] Login(HeritageWebApplication.ViewModels.LoginViewModel)" on controller "HeritageWebApplication.Controllers.AccountController" ("HeritageWebApplication"). (122b2fdf)
2020-12-13T14:47:46.7712372+03:00 0HM4VBJA5HM3O:00000001 [INF] Entity Framework Core "5.0.0" initialized '"ApplicationDbContext"' using provider '"Npgsql.EntityFrameworkCore.PostgreSQL"' with options: "None" (9958f5bb)
2020-12-13T14:47:46.9297943+03:00 0HM4VBJA5HM3O:00000001 [INF] Executed DbCommand ("155"ms) [Parameters=["@__normalizedEmail_0='?'"], CommandType='Text', CommandTimeout='30']"
""SELECT a.\"Id\", a.\"AccessFailedCount\", a.\"ConcurrencyStamp\", a.\"Email\", a.\"EmailConfirmed\", a.\"Image\", a.\"LockoutEnabled\", a.\"LockoutEnd\", a.\"NormalizedEmail\", a.\"NormalizedUserName\", a.\"PasswordHash\", a.\"PhoneNumber\", a.\"PhoneNumberConfirmed\", a.\"SecurityStamp\", a.\"TwoFactorEnabled\", a.\"UserName\"
FROM \"AspNetUsers\" AS a
WHERE a.\"NormalizedEmail\" = @__normalizedEmail_0
LIMIT 2" (0723d8ff)
2020-12-13T14:47:47.1524892+03:00 0HM4VBJA5HM3O:00000001 [INF] Executed DbCommand ("148"ms) [Parameters=["@__user_Id_0='?' (DbType = Int32)"], CommandType='Text', CommandTimeout='30']"
""SELECT a.\"Id\", a.\"ClaimType\", a.\"ClaimValue\", a.\"UserId\"
FROM \"AspNetUserClaims\" AS a
WHERE a.\"UserId\" = @__user_Id_0" (0723d8ff)
2020-12-13T14:47:47.3407328+03:00 0HM4VBJA5HM3O:00000001 [INF] Executed DbCommand ("148"ms) [Parameters=["@__userId_0='?' (DbType = Int32)"], CommandType='Text', CommandTimeout='30']"
""SELECT a0.\"Name\"
FROM \"AspNetUserRoles\" AS a
INNER JOIN \"AspNetRoles\" AS a0 ON a.\"RoleId\" = a0.\"Id\"
WHERE a.\"UserId\" = @__userId_0" (0723d8ff)
2020-12-13T14:47:47.3526863+03:00 0HM4VBJA5HM3O:00000001 [INF] Entity Framework Core "5.0.0" initialized '"ApplicationDbContext"' using provider '"Npgsql.EntityFrameworkCore.PostgreSQL"' with options: "None" (9958f5bb)
2020-12-13T14:47:47.5108708+03:00 0HM4VBJA5HM3O:00000001 [INF] Executed DbCommand ("148"ms) [Parameters=["@__normalizedName_0='?'"], CommandType='Text', CommandTimeout='30']"
""SELECT a.\"Id\", a.\"ConcurrencyStamp\", a.\"Name\", a.\"NormalizedName\"
FROM \"AspNetRoles\" AS a
WHERE a.\"NormalizedName\" = @__normalizedName_0
LIMIT 1" (0723d8ff)
2020-12-13T14:47:47.6687682+03:00 0HM4VBJA5HM3O:00000001 [INF] Executed DbCommand ("148"ms) [Parameters=["@__role_Id_0='?' (DbType = Int32)"], CommandType='Text', CommandTimeout='30']"
""SELECT a.\"ClaimType\", a.\"ClaimValue\"
FROM \"AspNetRoleClaims\" AS a
WHERE a.\"RoleId\" = @__role_Id_0" (0723d8ff)
2020-12-13T14:47:47.6826698+03:00 0HM4VBJA5HM3O:00000001 [INF] AuthenticationScheme: "Identity.Application" signed in. (c66dd7e7)
2020-12-13T14:47:47.6854794+03:00 0HM4VBJA5HM3O:00000001 [INF] Executing RedirectResult, redirecting to "/". (d98d540e)
2020-12-13T14:47:47.6857187+03:00 0HM4VBJA5HM3O:00000001 [INF] Executed action "HeritageWebApplication.Controllers.AccountController.Login (HeritageWebApplication)" in 923.9717ms (afa2e885)
2020-12-13T14:47:47.6857896+03:00 0HM4VBJA5HM3O:00000001 [INF] Executed endpoint '"HeritageWebApplication.Controllers.AccountController.Login (HeritageWebApplication)"' (99874f2b)
2020-12-13T14:47:47.6861207+03:00 0HM4VBJA5HM3O:00000001 [INF] Request finished in 925.8226ms 302  (791a596a)
2020-12-13T14:47:47.6929107+03:00 0HM4VBJA5HM3O:00000002 [INF] Request starting HTTP/1.1 GET http://localhost:44327/   (ca22a1cb)
2020-12-13T14:47:47.6965552+03:00 0HM4VBJA5HM3O:00000002 [INF] Executing endpoint '"HeritageWebApplication.Controllers.HomeController.Index (HeritageWebApplication)"' (500cc934)
2020-12-13T14:47:47.6966756+03:00 0HM4VBJA5HM3O:00000002 [INF] Route matched with "{action = \"Index\", controller = \"Home\", area = \"\"}". Executing controller action with signature "Microsoft.AspNetCore.Mvc.IActionResult Index()" on controller "HeritageWebApplication.Controllers.HomeController" ("HeritageWebApplication"). (122b2fdf)
2020-12-13T14:47:47.6972919+03:00 0HM4VBJA5HM3O:00000002 [INF] Entity Framework Core "5.0.0" initialized '"ApplicationDbContext"' using provider '"Npgsql.EntityFrameworkCore.PostgreSQL"' with options: "None" (9958f5bb)
2020-12-13T14:47:47.8457384+03:00 0HM4VBJA5HM3O:00000002 [INF] Executed DbCommand ("148"ms) [Parameters=[""], CommandType='Text', CommandTimeout='30']"
""SELECT b.\"Id\", b.\"Desc\", b.\"Image\", b.\"Location\", b.\"Name\", b.\"ShortDesc\"
FROM \"Buildings\" AS b" (0723d8ff)
2020-12-13T14:47:47.8469168+03:00 0HM4VBJA5HM3O:00000002 [INF] Executing ViewResult, running view "Index". (c83d0e25)
2020-12-13T14:47:47.8566428+03:00 0HM4VBJA5HM3O:00000002 [INF] Executed ViewResult - view "Index" executed in 9.9181ms. (f66409e9)
2020-12-13T14:47:47.8568414+03:00 0HM4VBJA5HM3O:00000002 [INF] Executed action "HeritageWebApplication.Controllers.HomeController.Index (HeritageWebApplication)" in 160.1144ms (afa2e885)
2020-12-13T14:47:47.8569236+03:00 0HM4VBJA5HM3O:00000002 [INF] Executed endpoint '"HeritageWebApplication.Controllers.HomeController.Index (HeritageWebApplication)"' (99874f2b)
2020-12-13T14:47:47.8571433+03:00 0HM4VBJA5HM3O:00000002 [INF] Request finished in 164.2373ms 200 text/html; charset=utf-8 (791a596a)
2020-12-13T14:47:47.8810865+03:00 0HM4VBJA5HM3N:00000003 [INF] Executed endpoint '"/chat"' (99874f2b)
2020-12-13T14:47:47.8811916+03:00 0HM4VBJA5HM3N:00000003 [INF] Request finished in 16602.0853ms 101  (791a596a)
2020-12-13T14:47:47.8957217+03:00 0HM4VBJA5HM3O:00000003 [INF] Request starting HTTP/1.1 GET http://localhost:44327/img/heritageObjects/18122d89-7c41-4735-b15a-8f8f66fcd226_ratusha.jpg   (ca22a1cb)
2020-12-13T14:47:47.8968946+03:00 0HM4VBJA5HM3O:00000003 [INF] Request finished in 1.1967ms 404  (791a596a)
2020-12-13T14:47:47.8972215+03:00 0HM4VBJA5HM3P:00000001 [INF] Request starting HTTP/1.1 GET http://localhost:44327/img/heritageObjects/f2d3a666-3b53-443b-9214-ff4da5083466_house.jpg   (ca22a1cb)
2020-12-13T14:47:47.8994356+03:00 0HM4VBJA5HM3P:00000001 [INF] Request finished in 2.206ms 404  (791a596a)
2020-12-13T14:47:47.9045545+03:00 0HM4VBJA5HM3O:00000004 [INF] Request starting HTTP/1.1 POST http://localhost:44327/chat/negotiate?negotiateVersion=1 text/plain;charset=UTF-8 0 (ca22a1cb)
2020-12-13T14:47:47.9049911+03:00 0HM4VBJA5HM3O:00000004 [INF] Executing endpoint '"/chat/negotiate"' (500cc934)
2020-12-13T14:47:47.9052774+03:00 0HM4VBJA5HM3O:00000004 [INF] Executed endpoint '"/chat/negotiate"' (99874f2b)
2020-12-13T14:47:47.9053441+03:00 0HM4VBJA5HM3O:00000004 [INF] Request finished in 0.8064ms 200 application/json (791a596a)
2020-12-13T14:47:47.9124162+03:00 0HM4VBJA5HM3P:00000002 [INF] Request starting HTTP/1.1 GET http://localhost:44327/chat?id=3OEOO9R1EhUjqzqXU43T9A   (ca22a1cb)
2020-12-13T14:47:47.9130692+03:00 0HM4VBJA5HM3P:00000002 [INF] Executing endpoint '"/chat"' (500cc934)
2020-12-13T14:47:49.5007561+03:00 0HM4VBJA5HM3O:00000005 [INF] Request starting HTTP/1.1 GET http://localhost:44327/Admin/Building   (ca22a1cb)
2020-12-13T14:47:49.5040931+03:00 0HM4VBJA5HM3O:00000005 [INF] Executing endpoint '"HeritageWebApplication.Areas.Admin.Controllers.BuildingController.Index (HeritageWebApplication)"' (500cc934)
2020-12-13T14:47:49.5044606+03:00 0HM4VBJA5HM3O:00000005 [INF] Route matched with "{area = \"Admin\", action = \"Index\", controller = \"Building\"}". Executing controller action with signature "Microsoft.AspNetCore.Mvc.IActionResult Index()" on controller "HeritageWebApplication.Areas.Admin.Controllers.BuildingController" ("HeritageWebApplication"). (122b2fdf)
2020-12-13T14:47:49.5052697+03:00 0HM4VBJA5HM3O:00000005 [INF] Authorization was successful. (0d575a54)
2020-12-13T14:47:49.5083401+03:00 0HM4VBJA5HM3O:00000005 [INF] Entity Framework Core "5.0.0" initialized '"ApplicationDbContext"' using provider '"Npgsql.EntityFrameworkCore.PostgreSQL"' with options: "None" (9958f5bb)
2020-12-13T14:47:49.6577544+03:00 0HM4VBJA5HM3O:00000005 [INF] Executed DbCommand ("149"ms) [Parameters=[""], CommandType='Text', CommandTimeout='30']"
""SELECT b.\"Id\", b.\"Desc\", b.\"Image\", b.\"Location\", b.\"Name\", b.\"ShortDesc\"
FROM \"Buildings\" AS b" (0723d8ff)
2020-12-13T14:47:49.6614959+03:00 0HM4VBJA5HM3O:00000005 [INF] Executing ViewResult, running view "Index". (c83d0e25)
2020-12-13T14:47:49.7324762+03:00 0HM4VBJA5HM3O:00000005 [INF] Executed ViewResult - view "Index" executed in 73.0605ms. (f66409e9)
2020-12-13T14:47:49.7325580+03:00 0HM4VBJA5HM3O:00000005 [INF] Executed action "HeritageWebApplication.Areas.Admin.Controllers.BuildingController.Index (HeritageWebApplication)" in 227.9945ms (afa2e885)
2020-12-13T14:47:49.7326038+03:00 0HM4VBJA5HM3O:00000005 [INF] Executed endpoint '"HeritageWebApplication.Areas.Admin.Controllers.BuildingController.Index (HeritageWebApplication)"' (99874f2b)
2020-12-13T14:47:49.7327609+03:00 0HM4VBJA5HM3O:00000005 [INF] Request finished in 232.1538ms 200 text/html; charset=utf-8 (791a596a)
2020-12-13T14:47:49.7380576+03:00 0HM4VBJA5HM3P:00000002 [INF] Executed endpoint '"/chat"' (99874f2b)
2020-12-13T14:47:49.7381922+03:00 0HM4VBJA5HM3P:00000002 [INF] Request finished in 1825.7749ms 101  (791a596a)
2020-12-13T14:47:49.7505205+03:00 0HM4VBJA5HM3O:00000006 [INF] Request starting HTTP/1.1 GET http://localhost:44327/img/heritageObjects/18122d89-7c41-4735-b15a-8f8f66fcd226_ratusha.jpg   (ca22a1cb)
2020-12-13T14:47:49.7517446+03:00 0HM4VBJA5HM3Q:00000001 [INF] Request starting HTTP/1.1 GET http://localhost:44327/img/heritageObjects/f2d3a666-3b53-443b-9214-ff4da5083466_house.jpg   (ca22a1cb)
2020-12-13T14:47:49.7523839+03:00 0HM4VBJA5HM3O:00000006 [INF] Request finished in 1.9337ms 404  (791a596a)
2020-12-13T14:47:49.7524077+03:00 0HM4VBJA5HM3Q:00000001 [INF] Request finished in 0.7041ms 404  (791a596a)
2020-12-13T14:47:49.7654598+03:00 0HM4VBJA5HM3Q:00000002 [INF] Request starting HTTP/1.1 POST http://localhost:44327/chat/negotiate?negotiateVersion=1 text/plain;charset=UTF-8 0 (ca22a1cb)
2020-12-13T14:47:49.7658822+03:00 0HM4VBJA5HM3Q:00000002 [INF] Executing endpoint '"/chat/negotiate"' (500cc934)
2020-12-13T14:47:49.7661854+03:00 0HM4VBJA5HM3Q:00000002 [INF] Executed endpoint '"/chat/negotiate"' (99874f2b)
2020-12-13T14:47:49.7662338+03:00 0HM4VBJA5HM3Q:00000002 [INF] Request finished in 0.8049ms 200 application/json (791a596a)
2020-12-13T14:47:49.7845797+03:00 0HM4VBJA5HM3O:00000007 [INF] Request starting HTTP/1.1 GET http://localhost:44327/chat?id=YvrNR09IGTszvwc1YDp2Sg   (ca22a1cb)
2020-12-13T14:47:49.7849607+03:00 0HM4VBJA5HM3O:00000007 [INF] Executing endpoint '"/chat"' (500cc934)
2020-12-13T14:47:51.2341467+03:00 0HM4VBJA5HM3Q:00000003 [INF] Request starting HTTP/1.1 GET http://localhost:44327/Admin/HeritageObject   (ca22a1cb)
2020-12-13T14:47:51.2363679+03:00 0HM4VBJA5HM3Q:00000003 [INF] Executing endpoint '"HeritageWebApplication.Areas.Admin.Controllers.HeritageObjectController.Index (HeritageWebApplication)"' (500cc934)
2020-12-13T14:47:51.2402276+03:00 0HM4VBJA5HM3Q:00000003 [INF] Route matched with "{area = \"Admin\", action = \"Index\", controller = \"HeritageObject\"}". Executing controller action with signature "Microsoft.AspNetCore.Mvc.IActionResult Index()" on controller "HeritageWebApplication.Areas.Admin.Controllers.HeritageObjectController" ("HeritageWebApplication"). (122b2fdf)
2020-12-13T14:47:51.2409929+03:00 0HM4VBJA5HM3Q:00000003 [INF] Authorization was successful. (0d575a54)
2020-12-13T14:47:51.2424746+03:00 0HM4VBJA5HM3Q:00000003 [INF] Entity Framework Core "5.0.0" initialized '"ApplicationDbContext"' using provider '"Npgsql.EntityFrameworkCore.PostgreSQL"' with options: "None" (9958f5bb)
2020-12-13T14:47:51.4012793+03:00 0HM4VBJA5HM3Q:00000003 [INF] Executed DbCommand ("151"ms) [Parameters=[""], CommandType='Text', CommandTimeout='30']"
""SELECT h.\"Id\", h.\"BuildingId\", h.\"Condition\", h.\"Desc\", h.\"Image\", h.\"ShortDesc\", h.\"Type\"
FROM \"HeritageObjects\" AS h" (0723d8ff)
2020-12-13T14:47:51.4144517+03:00 0HM4VBJA5HM3Q:00000003 [INF] Executing ViewResult, running view "Index". (c83d0e25)
2020-12-13T14:47:51.4239476+03:00 0HM4VBJA5HM3Q:00000003 [INF] Executed ViewResult - view "Index" executed in 10.0554ms. (f66409e9)
2020-12-13T14:47:51.4240230+03:00 0HM4VBJA5HM3Q:00000003 [INF] Executed action "HeritageWebApplication.Areas.Admin.Controllers.HeritageObjectController.Index (HeritageWebApplication)" in 183.6991ms (afa2e885)
2020-12-13T14:47:51.4240545+03:00 0HM4VBJA5HM3Q:00000003 [INF] Executed endpoint '"HeritageWebApplication.Areas.Admin.Controllers.HeritageObjectController.Index (HeritageWebApplication)"' (99874f2b)
2020-12-13T14:47:51.4242433+03:00 0HM4VBJA5HM3Q:00000003 [INF] Request finished in 190.172ms 200 text/html; charset=utf-8 (791a596a)
2020-12-13T14:47:51.4296235+03:00 0HM4VBJA5HM3O:00000007 [INF] Executed endpoint '"/chat"' (99874f2b)
2020-12-13T14:47:51.4297148+03:00 0HM4VBJA5HM3O:00000007 [INF] Request finished in 1645.15ms 101  (791a596a)
2020-12-13T14:47:51.4440507+03:00 0HM4VBJA5HM3Q:00000004 [INF] Request starting HTTP/1.1 GET http://localhost:44327/img/heritageObjects/c400a5d0-7880-4976-ba29-2ac839c61641_mozaika.jpg   (ca22a1cb)
2020-12-13T14:47:51.4448145+03:00 0HM4VBJA5HM3R:00000001 [INF] Request starting HTTP/1.1 GET http://localhost:44327/img/heritageObjects/a1a4fceb-ad6b-42b8-a9b8-fad902bd1fe9_rotonda.jpg   (ca22a1cb)
2020-12-13T14:47:51.4456913+03:00 0HM4VBJA5HM3S:00000001 [INF] Request starting HTTP/1.1 GET http://localhost:44327/img/heritageObjects/aa48929e-dbe3-48a8-aac2-642490cb7d3e_erker.jpg   (ca22a1cb)
2020-12-13T14:47:51.4465991+03:00 0HM4VBJA5HM3R:00000001 [INF] Request finished in 1.8291ms 404  (791a596a)
2020-12-13T14:47:51.4465990+03:00 0HM4VBJA5HM3Q:00000004 [INF] Request finished in 2.9639ms 404  (791a596a)
2020-12-13T14:47:51.4465991+03:00 0HM4VBJA5HM3S:00000001 [INF] Request finished in 0.9726ms 404  (791a596a)
2020-12-13T14:47:51.4649067+03:00 0HM4VBJA5HM3R:00000002 [INF] Request starting HTTP/1.1 POST http://localhost:44327/chat/negotiate?negotiateVersion=1 text/plain;charset=UTF-8 0 (ca22a1cb)
2020-12-13T14:47:51.4653429+03:00 0HM4VBJA5HM3R:00000002 [INF] Executing endpoint '"/chat/negotiate"' (500cc934)
2020-12-13T14:47:51.4657440+03:00 0HM4VBJA5HM3R:00000002 [INF] Executed endpoint '"/chat/negotiate"' (99874f2b)
2020-12-13T14:47:51.4658123+03:00 0HM4VBJA5HM3R:00000002 [INF] Request finished in 0.9278ms 200 application/json (791a596a)
2020-12-13T14:47:51.4714961+03:00 0HM4VBJA5HM3S:00000002 [INF] Request starting HTTP/1.1 GET http://localhost:44327/chat?id=_XAzJGqEqCCZEy6r3fQvhw   (ca22a1cb)
2020-12-13T14:47:51.4718687+03:00 0HM4VBJA5HM3S:00000002 [INF] Executing endpoint '"/chat"' (500cc934)
2020-12-13T14:47:52.9647934+03:00 0HM4VBJA5HM3Q:00000005 [INF] Request starting HTTP/1.1 GET http://localhost:44327/Admin/HeritageObject/Create   (ca22a1cb)
2020-12-13T14:47:52.9676335+03:00 0HM4VBJA5HM3Q:00000005 [INF] Executing endpoint '"HeritageWebApplication.Areas.Admin.Controllers.HeritageObjectController.Create (HeritageWebApplication)"' (500cc934)
2020-12-13T14:47:52.9710700+03:00 0HM4VBJA5HM3Q:00000005 [INF] Route matched with "{area = \"Admin\", action = \"Create\", controller = \"HeritageObject\"}". Executing controller action with signature "Microsoft.AspNetCore.Mvc.IActionResult Create()" on controller "HeritageWebApplication.Areas.Admin.Controllers.HeritageObjectController" ("HeritageWebApplication"). (122b2fdf)
2020-12-13T14:47:52.9716961+03:00 0HM4VBJA5HM3Q:00000005 [INF] Authorization was successful. (0d575a54)
2020-12-13T14:47:52.9754184+03:00 0HM4VBJA5HM3Q:00000005 [INF] Entity Framework Core "5.0.0" initialized '"ApplicationDbContext"' using provider '"Npgsql.EntityFrameworkCore.PostgreSQL"' with options: "None" (9958f5bb)
2020-12-13T14:47:53.1261169+03:00 0HM4VBJA5HM3Q:00000005 [INF] Executed DbCommand ("150"ms) [Parameters=[""], CommandType='Text', CommandTimeout='30']"
""SELECT b.\"Id\", b.\"Desc\", b.\"Image\", b.\"Location\", b.\"Name\", b.\"ShortDesc\"
FROM \"Buildings\" AS b" (0723d8ff)
2020-12-13T14:47:53.1352657+03:00 0HM4VBJA5HM3Q:00000005 [INF] Executing ViewResult, running view "Create". (c83d0e25)
2020-12-13T14:47:53.1785892+03:00 0HM4VBJA5HM3Q:00000005 [INF] Executed ViewResult - view "Create" executed in 44.3678ms. (f66409e9)
2020-12-13T14:47:53.1786900+03:00 0HM4VBJA5HM3Q:00000005 [INF] Executed action "HeritageWebApplication.Areas.Admin.Controllers.HeritageObjectController.Create (HeritageWebApplication)" in 207.5146ms (afa2e885)
2020-12-13T14:47:53.1787307+03:00 0HM4VBJA5HM3Q:00000005 [INF] Executed endpoint '"HeritageWebApplication.Areas.Admin.Controllers.HeritageObjectController.Create (HeritageWebApplication)"' (99874f2b)
2020-12-13T14:47:53.1789039+03:00 0HM4VBJA5HM3Q:00000005 [INF] Request finished in 214.2603ms 200 text/html; charset=utf-8 (791a596a)
2020-12-13T14:47:53.1850187+03:00 0HM4VBJA5HM3S:00000002 [INF] Executed endpoint '"/chat"' (99874f2b)
2020-12-13T14:47:53.1851006+03:00 0HM4VBJA5HM3S:00000002 [INF] Request finished in 1713.6262ms 101  (791a596a)
2020-12-13T14:48:07.2900875+03:00 0HM4VBJA5HM3R:00000003 [INF] Request starting HTTP/1.1 POST http://localhost:44327/admin/heritageobject/create multipart/form-data; boundary=----WebKitFormBoundaryVgvtGykbPjycWEYP 27442 (ca22a1cb)
2020-12-13T14:48:07.2931290+03:00 0HM4VBJA5HM3R:00000003 [INF] Executing endpoint '"HeritageWebApplication.Areas.Admin.Controllers.HeritageObjectController.Create (HeritageWebApplication)"' (500cc934)
2020-12-13T14:48:07.3053999+03:00 0HM4VBJA5HM3R:00000003 [INF] Route matched with "{area = \"Admin\", action = \"Create\", controller = \"HeritageObject\"}". Executing controller action with signature "System.Threading.Tasks.Task`1[Microsoft.AspNetCore.Mvc.IActionResult] Create(HeritageWebApplication.Areas.Admin.ViewModels.CreateHeritageObjectViewModel)" on controller "HeritageWebApplication.Areas.Admin.Controllers.HeritageObjectController" ("HeritageWebApplication"). (122b2fdf)
2020-12-13T14:48:07.3057975+03:00 0HM4VBJA5HM3R:00000003 [INF] Authorization was successful. (0d575a54)
2020-12-13T14:48:07.3205375+03:00 0HM4VBJA5HM3R:00000003 [INF] Entity Framework Core "5.0.0" initialized '"ApplicationDbContext"' using provider '"Npgsql.EntityFrameworkCore.PostgreSQL"' with options: "None" (9958f5bb)
2020-12-13T14:48:07.4696533+03:00 0HM4VBJA5HM3R:00000003 [INF] Executed DbCommand ("148"ms) [Parameters=[""], CommandType='Text', CommandTimeout='30']"
""SELECT b.\"Id\", b.\"Desc\", b.\"Image\", b.\"Location\", b.\"Name\", b.\"ShortDesc\"
FROM \"Buildings\" AS b" (0723d8ff)
2020-12-13T14:48:07.6297878+03:00 0HM4VBJA5HM3R:00000003 [INF] Executed DbCommand ("149"ms) [Parameters=["@__id_0='?' (DbType = Int32)"], CommandType='Text', CommandTimeout='30']"
""SELECT b.\"Id\", b.\"Desc\", b.\"Image\", b.\"Location\", b.\"Name\", b.\"ShortDesc\"
FROM \"Buildings\" AS b
WHERE b.\"Id\" = @__id_0
LIMIT 1" (0723d8ff)
2020-12-13T14:48:07.6335544+03:00 0HM4VBJA5HM3R:00000003 [INF] Entity Framework Core "5.0.0" initialized '"ApplicationDbContext"' using provider '"Npgsql.EntityFrameworkCore.PostgreSQL"' with options: "None" (9958f5bb)
2020-12-13T14:48:07.7901106+03:00 0HM4VBJA5HM3R:00000003 [INF] Executed DbCommand ("149"ms) [Parameters=["@__heritage_Building_Id_0='?' (DbType = Int32)"], CommandType='Text', CommandTimeout='30']"
""SELECT b.\"Id\", b.\"Desc\", b.\"Image\", b.\"Location\", b.\"Name\", b.\"ShortDesc\"
FROM \"Buildings\" AS b
WHERE b.\"Id\" = @__heritage_Building_Id_0
LIMIT 1" (0723d8ff)
2020-12-13T14:48:08.0447631+03:00 0HM4VBJA5HM3R:00000003 [INF] Executed DbCommand ("148"ms) [Parameters=["@p0='?' (DbType = Int32), @p1='?', @p2='?', @p3='?', @p4='?', @p5='?'"], CommandType='Text', CommandTimeout='30']"
""INSERT INTO \"HeritageObjects\" (\"BuildingId\", \"Condition\", \"Desc\", \"Image\", \"ShortDesc\", \"Type\")
VALUES (@p0, @p1, @p2, @p3, @p4, @p5)
RETURNING \"Id\";" (0723d8ff)
2020-12-13T14:48:08.2184981+03:00 0HM4VBJA5HM3R:00000003 [INF] Executing RedirectResult, redirecting to "/admin/heritageobject". (d98d540e)
2020-12-13T14:48:08.2187964+03:00 0HM4VBJA5HM3R:00000003 [INF] Executed action "HeritageWebApplication.Areas.Admin.Controllers.HeritageObjectController.Create (HeritageWebApplication)" in 913.2815ms (afa2e885)
2020-12-13T14:48:08.2188490+03:00 0HM4VBJA5HM3R:00000003 [INF] Executed endpoint '"HeritageWebApplication.Areas.Admin.Controllers.HeritageObjectController.Create (HeritageWebApplication)"' (99874f2b)
2020-12-13T14:48:08.2193313+03:00 0HM4VBJA5HM3R:00000003 [INF] Request finished in 929.3986ms 302  (791a596a)
2020-12-13T14:48:08.2245801+03:00 0HM4VBJA5HM3Q:00000006 [INF] Request starting HTTP/1.1 GET http://localhost:44327/admin/heritageobject   (ca22a1cb)
2020-12-13T14:48:08.2255934+03:00 0HM4VBJA5HM3Q:00000006 [INF] Executing endpoint '"HeritageWebApplication.Areas.Admin.Controllers.HeritageObjectController.Index (HeritageWebApplication)"' (500cc934)
2020-12-13T14:48:08.2257988+03:00 0HM4VBJA5HM3Q:00000006 [INF] Route matched with "{area = \"Admin\", action = \"Index\", controller = \"HeritageObject\"}". Executing controller action with signature "Microsoft.AspNetCore.Mvc.IActionResult Index()" on controller "HeritageWebApplication.Areas.Admin.Controllers.HeritageObjectController" ("HeritageWebApplication"). (122b2fdf)
2020-12-13T14:48:08.2260701+03:00 0HM4VBJA5HM3Q:00000006 [INF] Authorization was successful. (0d575a54)
2020-12-13T14:48:08.2267022+03:00 0HM4VBJA5HM3Q:00000006 [INF] Entity Framework Core "5.0.0" initialized '"ApplicationDbContext"' using provider '"Npgsql.EntityFrameworkCore.PostgreSQL"' with options: "None" (9958f5bb)
2020-12-13T14:48:08.3831495+03:00 0HM4VBJA5HM3Q:00000006 [INF] Executed DbCommand ("156"ms) [Parameters=[""], CommandType='Text', CommandTimeout='30']"
""SELECT h.\"Id\", h.\"BuildingId\", h.\"Condition\", h.\"Desc\", h.\"Image\", h.\"ShortDesc\", h.\"Type\"
FROM \"HeritageObjects\" AS h" (0723d8ff)
2020-12-13T14:48:08.3840000+03:00 0HM4VBJA5HM3Q:00000006 [INF] Executing ViewResult, running view "Index". (c83d0e25)
2020-12-13T14:48:08.3868592+03:00 0HM4VBJA5HM3Q:00000006 [INF] Executed ViewResult - view "Index" executed in 2.9788ms. (f66409e9)
2020-12-13T14:48:08.3869549+03:00 0HM4VBJA5HM3Q:00000006 [INF] Executed action "HeritageWebApplication.Areas.Admin.Controllers.HeritageObjectController.Index (HeritageWebApplication)" in 161.1183ms (afa2e885)
2020-12-13T14:48:08.3869889+03:00 0HM4VBJA5HM3Q:00000006 [INF] Executed endpoint '"HeritageWebApplication.Areas.Admin.Controllers.HeritageObjectController.Index (HeritageWebApplication)"' (99874f2b)
2020-12-13T14:48:08.3871226+03:00 0HM4VBJA5HM3Q:00000006 [INF] Request finished in 162.5876ms 200 text/html; charset=utf-8 (791a596a)
2020-12-13T14:48:08.4195936+03:00 0HM4VBJA5HM3R:00000004 [INF] Request starting HTTP/1.1 GET http://localhost:44327/img/heritageObjects/f7a00e1a-e9d2-4b2a-a165-3add11b532de_currency.png   (ca22a1cb)
2020-12-13T14:48:08.4224786+03:00 0HM4VBJA5HM3Q:00000007 [INF] Request starting HTTP/1.1 GET http://localhost:44327/img/heritageObjects/a1a4fceb-ad6b-42b8-a9b8-fad902bd1fe9_rotonda.jpg   (ca22a1cb)
2020-12-13T14:48:08.4228272+03:00 0HM4VBJA5HM3T:00000001 [INF] Request starting HTTP/1.1 GET http://localhost:44327/img/heritageObjects/c400a5d0-7880-4976-ba29-2ac839c61641_mozaika.jpg   (ca22a1cb)
2020-12-13T14:48:08.4232121+03:00 0HM4VBJA5HM3Q:00000007 [INF] Request finished in 0.7918ms 404  (791a596a)
2020-12-13T14:48:08.4232684+03:00 0HM4VBJA5HM3T:00000001 [INF] Request finished in 0.4537ms 404  (791a596a)
2020-12-13T14:48:08.4249498+03:00 0HM4VBJA5HM3U:00000001 [INF] Request starting HTTP/1.1 GET http://localhost:44327/img/heritageObjects/aa48929e-dbe3-48a8-aac2-642490cb7d3e_erker.jpg   (ca22a1cb)
2020-12-13T14:48:08.4263747+03:00 0HM4VBJA5HM3U:00000001 [INF] Request finished in 1.4228ms 404  (791a596a)
2020-12-13T14:48:08.4416742+03:00 0HM4VBJA5HM3Q:00000008 [INF] Request starting HTTP/1.1 POST http://localhost:44327/chat/negotiate?negotiateVersion=1 text/plain;charset=UTF-8 0 (ca22a1cb)
2020-12-13T14:48:08.4422316+03:00 0HM4VBJA5HM3Q:00000008 [INF] Executing endpoint '"/chat/negotiate"' (500cc934)
2020-12-13T14:48:08.4427742+03:00 0HM4VBJA5HM3Q:00000008 [INF] Executed endpoint '"/chat/negotiate"' (99874f2b)
2020-12-13T14:48:08.4428496+03:00 0HM4VBJA5HM3Q:00000008 [INF] Request finished in 1.2105ms 200 application/json (791a596a)
2020-12-13T14:48:08.4454188+03:00 0HM4VBJA5HM3R:00000004 [INF] Sending file. Request path: '"/img/heritageObjects/f7a00e1a-e9d2-4b2a-a165-3add11b532de_currency.png"'. Physical path: '"C:\Users\Сергей\RiderProjects\HeritageWebApplication\HeritageWebApplication\wwwroot\img\heritageObjects\f7a00e1a-e9d2-4b2a-a165-3add11b532de_currency.png"' (27b0a520)
2020-12-13T14:48:08.4455253+03:00 0HM4VBJA5HM3R:00000004 [INF] Request finished in 26.0732ms 200 image/png (791a596a)
2020-12-13T14:48:08.4502265+03:00 0HM4VBJA5HM3T:00000002 [INF] Request starting HTTP/1.1 GET http://localhost:44327/chat?id=L6lWhP5d6Kvw_qoabGQeww   (ca22a1cb)
2020-12-13T14:48:08.4506144+03:00 0HM4VBJA5HM3T:00000002 [INF] Executing endpoint '"/chat"' (500cc934)
2020-12-13T14:48:14.7566256+03:00 0HM4VBJA5HM3U:00000002 [INF] Request starting HTTP/1.1 GET http://localhost:44327/admin/heritageobject   (ca22a1cb)
2020-12-13T14:48:14.7579706+03:00 0HM4VBJA5HM3U:00000002 [INF] Executing endpoint '"HeritageWebApplication.Areas.Admin.Controllers.HeritageObjectController.Index (HeritageWebApplication)"' (500cc934)
2020-12-13T14:48:14.7582070+03:00 0HM4VBJA5HM3U:00000002 [INF] Route matched with "{area = \"Admin\", action = \"Index\", controller = \"HeritageObject\"}". Executing controller action with signature "Microsoft.AspNetCore.Mvc.IActionResult Index()" on controller "HeritageWebApplication.Areas.Admin.Controllers.HeritageObjectController" ("HeritageWebApplication"). (122b2fdf)
2020-12-13T14:48:14.7586090+03:00 0HM4VBJA5HM3U:00000002 [INF] Authorization was successful. (0d575a54)
2020-12-13T14:48:14.7596509+03:00 0HM4VBJA5HM3U:00000002 [INF] Entity Framework Core "5.0.0" initialized '"ApplicationDbContext"' using provider '"Npgsql.EntityFrameworkCore.PostgreSQL"' with options: "None" (9958f5bb)
2020-12-13T14:48:15.0650629+03:00 0HM4VBJA5HM3U:00000002 [INF] Executed DbCommand ("304"ms) [Parameters=[""], CommandType='Text', CommandTimeout='30']"
""SELECT h.\"Id\", h.\"BuildingId\", h.\"Condition\", h.\"Desc\", h.\"Image\", h.\"ShortDesc\", h.\"Type\"
FROM \"HeritageObjects\" AS h" (0723d8ff)
2020-12-13T14:48:15.0665186+03:00 0HM4VBJA5HM3U:00000002 [INF] Executing ViewResult, running view "Index". (c83d0e25)
2020-12-13T14:48:15.0718902+03:00 0HM4VBJA5HM3U:00000002 [INF] Executed ViewResult - view "Index" executed in 5.4726ms. (f66409e9)
2020-12-13T14:48:15.0719918+03:00 0HM4VBJA5HM3U:00000002 [INF] Executed action "HeritageWebApplication.Areas.Admin.Controllers.HeritageObjectController.Index (HeritageWebApplication)" in 313.7113ms (afa2e885)
2020-12-13T14:48:15.0720496+03:00 0HM4VBJA5HM3U:00000002 [INF] Executed endpoint '"HeritageWebApplication.Areas.Admin.Controllers.HeritageObjectController.Index (HeritageWebApplication)"' (99874f2b)
2020-12-13T14:48:15.0723614+03:00 0HM4VBJA5HM3U:00000002 [INF] Request finished in 315.7617ms 200 text/html; charset=utf-8 (791a596a)
2020-12-13T14:48:15.0814317+03:00 0HM4VBJA5HM3T:00000002 [INF] Executed endpoint '"/chat"' (99874f2b)
2020-12-13T14:48:15.0817530+03:00 0HM4VBJA5HM3T:00000002 [INF] Request finished in 6631.4417ms 101  (791a596a)
2020-12-13T14:48:15.0932238+03:00 0HM4VBJA5HM3R:00000005 [INF] Request starting HTTP/1.1 GET http://localhost:44327/img/heritageObjects/a1a4fceb-ad6b-42b8-a9b8-fad902bd1fe9_rotonda.jpg   (ca22a1cb)
2020-12-13T14:48:15.0939128+03:00 0HM4VBJA5HM3Q:00000009 [INF] Request starting HTTP/1.1 GET http://localhost:44327/img/heritageObjects/aa48929e-dbe3-48a8-aac2-642490cb7d3e_erker.jpg   (ca22a1cb)
2020-12-13T14:48:15.0940539+03:00 0HM4VBJA5HM3U:00000003 [INF] Request starting HTTP/1.1 GET http://localhost:44327/img/heritageObjects/c400a5d0-7880-4976-ba29-2ac839c61641_mozaika.jpg   (ca22a1cb)
2020-12-13T14:48:15.0958191+03:00 0HM4VBJA5HM3V:00000001 [INF] Request starting HTTP/1.1 GET http://localhost:44327/img/heritageObjects/f7a00e1a-e9d2-4b2a-a165-3add11b532de_currency.png   (ca22a1cb)
2020-12-13T14:48:15.0958420+03:00 0HM4VBJA5HM3R:00000005 [INF] Request finished in 2.5022ms 404  (791a596a)
2020-12-13T14:48:15.0965985+03:00 0HM4VBJA5HM3U:00000003 [INF] Request finished in 2.6636ms 404  (791a596a)
2020-12-13T14:48:15.0968949+03:00 0HM4VBJA5HM3Q:00000009 [INF] Request finished in 2.9649ms 404  (791a596a)
2020-12-13T14:48:15.0997529+03:00 0HM4VBJA5HM3V:00000001 [INF] The file "/img/heritageObjects/f7a00e1a-e9d2-4b2a-a165-3add11b532de_currency.png" was not modified (f1f8d725)
2020-12-13T14:48:15.1005398+03:00 0HM4VBJA5HM3V:00000001 [INF] Request finished in 4.6563ms 304 image/png (791a596a)
2020-12-13T14:48:15.1053510+03:00 0HM4VBJA5HM3R:00000006 [INF] Request starting HTTP/1.1 POST http://localhost:44327/chat/negotiate?negotiateVersion=1 text/plain;charset=UTF-8 0 (ca22a1cb)
2020-12-13T14:48:15.1065709+03:00 0HM4VBJA5HM3R:00000006 [INF] Executing endpoint '"/chat/negotiate"' (500cc934)
2020-12-13T14:48:15.1070575+03:00 0HM4VBJA5HM3R:00000006 [INF] Executed endpoint '"/chat/negotiate"' (99874f2b)
2020-12-13T14:48:15.1071858+03:00 0HM4VBJA5HM3R:00000006 [INF] Request finished in 1.898ms 200 application/json (791a596a)
2020-12-13T14:48:15.1138507+03:00 0HM4VBJA5HM3U:00000004 [INF] Request starting HTTP/1.1 GET http://localhost:44327/chat?id=TQtg7xGhxp-aqie2j62m6w   (ca22a1cb)
2020-12-13T14:48:15.1142204+03:00 0HM4VBJA5HM3U:00000004 [INF] Executing endpoint '"/chat"' (500cc934)
2020-12-13T14:48:38.2332373+03:00 0HM4VBJA5HM3Q:0000000A [INF] Request starting HTTP/1.1 GET http://localhost:44327/Admin/Users   (ca22a1cb)
2020-12-13T14:48:38.2344546+03:00 0HM4VBJA5HM3Q:0000000A [INF] Executing endpoint '"HeritageWebApplication.Areas.Admin.Controllers.UsersController.Index (HeritageWebApplication)"' (500cc934)
2020-12-13T14:48:38.2364790+03:00 0HM4VBJA5HM3Q:0000000A [INF] Route matched with "{area = \"Admin\", action = \"Index\", controller = \"Users\"}". Executing controller action with signature "Microsoft.AspNetCore.Mvc.IActionResult Index()" on controller "HeritageWebApplication.Areas.Admin.Controllers.UsersController" ("HeritageWebApplication"). (122b2fdf)
2020-12-13T14:48:38.2368238+03:00 0HM4VBJA5HM3Q:0000000A [INF] Authorization was successful. (0d575a54)
2020-12-13T14:48:38.2422697+03:00 0HM4VBJA5HM3Q:0000000A [INF] Entity Framework Core "5.0.0" initialized '"ApplicationDbContext"' using provider '"Npgsql.EntityFrameworkCore.PostgreSQL"' with options: "None" (9958f5bb)
2020-12-13T14:48:38.3958671+03:00 0HM4VBJA5HM3Q:0000000A [INF] Executed DbCommand ("149"ms) [Parameters=[""], CommandType='Text', CommandTimeout='30']"
""SELECT a.\"Id\", a.\"AccessFailedCount\", a.\"ConcurrencyStamp\", a.\"Email\", a.\"EmailConfirmed\", a.\"Image\", a.\"LockoutEnabled\", a.\"LockoutEnd\", a.\"NormalizedEmail\", a.\"NormalizedUserName\", a.\"PasswordHash\", a.\"PhoneNumber\", a.\"PhoneNumberConfirmed\", a.\"SecurityStamp\", a.\"TwoFactorEnabled\", a.\"UserName\"
FROM \"AspNetUsers\" AS a" (0723d8ff)
2020-12-13T14:48:38.4002731+03:00 0HM4VBJA5HM3Q:0000000A [INF] Executing ViewResult, running view "Index". (c83d0e25)
2020-12-13T14:48:38.4250098+03:00 0HM4VBJA5HM3Q:0000000A [INF] Executed ViewResult - view "Index" executed in 26.4694ms. (f66409e9)
2020-12-13T14:48:38.4250956+03:00 0HM4VBJA5HM3Q:0000000A [INF] Executed action "HeritageWebApplication.Areas.Admin.Controllers.UsersController.Index (HeritageWebApplication)" in 188.5692ms (afa2e885)
2020-12-13T14:48:38.4251388+03:00 0HM4VBJA5HM3Q:0000000A [INF] Executed endpoint '"HeritageWebApplication.Areas.Admin.Controllers.UsersController.Index (HeritageWebApplication)"' (99874f2b)
2020-12-13T14:48:38.4254027+03:00 0HM4VBJA5HM3Q:0000000A [INF] Request finished in 192.194ms 200 text/html; charset=utf-8 (791a596a)
2020-12-13T14:48:38.4316823+03:00 0HM4VBJA5HM3U:00000004 [INF] Executed endpoint '"/chat"' (99874f2b)
2020-12-13T14:48:38.4318063+03:00 0HM4VBJA5HM3U:00000004 [INF] Request finished in 23317.9754ms 101  (791a596a)
2020-12-13T14:48:38.4591392+03:00 0HM4VBJA5HM3V:00000002 [INF] Request starting HTTP/1.1 POST http://localhost:44327/chat/negotiate?negotiateVersion=1 text/plain;charset=UTF-8 0 (ca22a1cb)
2020-12-13T14:48:38.4601965+03:00 0HM4VBJA5HM3V:00000002 [INF] Executing endpoint '"/chat/negotiate"' (500cc934)
2020-12-13T14:48:38.4606479+03:00 0HM4VBJA5HM3V:00000002 [INF] Executed endpoint '"/chat/negotiate"' (99874f2b)
2020-12-13T14:48:38.4607162+03:00 0HM4VBJA5HM3V:00000002 [INF] Request finished in 1.6222ms 200 application/json (791a596a)
2020-12-13T14:48:38.4671970+03:00 0HM4VBJA5HM3R:00000007 [INF] Request starting HTTP/1.1 GET http://localhost:44327/chat?id=ppX7mzv71XdNPJU3CV2ibA   (ca22a1cb)
2020-12-13T14:48:38.4675390+03:00 0HM4VBJA5HM3R:00000007 [INF] Executing endpoint '"/chat"' (500cc934)
2020-12-13T14:50:13.8831317+03:00  [INF] User profile is available. Using '"C:\Users\Сергей\AppData\Local\ASP.NET\DataProtection-Keys"' as key repository and Windows DPAPI to encrypt keys at rest. (7ac5e29c)
2020-12-13T14:50:14.0650646+03:00  [INF] Now listening on: "http://127.0.0.1:1346" (d826f4b8)
2020-12-13T14:50:14.0663883+03:00  [INF] Application started. Press Ctrl+C to shut down. (dcaefe54)
2020-12-13T14:50:14.0664275+03:00  [INF] Hosting environment: "Development" (c3307c92)
2020-12-13T14:50:14.0664463+03:00  [INF] Content root path: "C:\Users\Сергей\RiderProjects\HeritageWebApplication\HeritageWebApplication" (b5d60022)
2020-12-13T14:50:14.3104125+03:00 0HM4VBL0EIRO5:00000001 [INF] Request starting HTTP/1.1 GET http://localhost:44327/   (ca22a1cb)
2020-12-13T14:50:14.4688307+03:00 0HM4VBL0EIRO5:00000001 [INF] Executing endpoint '"HeritageWebApplication.Controllers.HomeController.Index (HeritageWebApplication)"' (500cc934)
2020-12-13T14:50:14.4948597+03:00 0HM4VBL0EIRO5:00000001 [INF] Route matched with "{action = \"Index\", controller = \"Home\", area = \"\"}". Executing controller action with signature "Microsoft.AspNetCore.Mvc.IActionResult Index()" on controller "HeritageWebApplication.Controllers.HomeController" ("HeritageWebApplication"). (122b2fdf)
2020-12-13T14:50:15.2194841+03:00 0HM4VBL0EIRO5:00000001 [INF] Entity Framework Core "5.0.0" initialized '"ApplicationDbContext"' using provider '"Npgsql.EntityFrameworkCore.PostgreSQL"' with options: "None" (9958f5bb)
2020-12-13T14:50:16.8157856+03:00 0HM4VBL0EIRO5:00000001 [INF] Executed DbCommand ("152"ms) [Parameters=[""], CommandType='Text', CommandTimeout='30']"
""SELECT b.\"Id\", b.\"Desc\", b.\"Image\", b.\"Location\", b.\"Name\", b.\"ShortDesc\"
FROM \"Buildings\" AS b" (0723d8ff)
2020-12-13T14:50:16.8624539+03:00 0HM4VBL0EIRO5:00000001 [INF] Executing ViewResult, running view "Index". (c83d0e25)
2020-12-13T14:50:16.9287588+03:00 0HM4VBL0EIRO5:00000001 [INF] Executed ViewResult - view "Index" executed in 65.4679ms. (f66409e9)
2020-12-13T14:50:16.9292447+03:00 0HM4VBL0EIRO5:00000001 [INF] Executed action "HeritageWebApplication.Controllers.HomeController.Index (HeritageWebApplication)" in 2434.0098ms (afa2e885)
2020-12-13T14:50:16.9302257+03:00 0HM4VBL0EIRO5:00000001 [INF] Executed endpoint '"HeritageWebApplication.Controllers.HomeController.Index (HeritageWebApplication)"' (99874f2b)
2020-12-13T14:50:16.9362028+03:00 0HM4VBL0EIRO5:00000001 [INF] Request finished in 2630.5532ms 200 text/html; charset=utf-8 (791a596a)
2020-12-13T14:50:16.9656249+03:00 0HM4VBL0EIRO6:00000001 [INF] Request starting HTTP/1.1 GET http://localhost:44327/img/heritageObjects/18122d89-7c41-4735-b15a-8f8f66fcd226_ratusha.jpg   (ca22a1cb)
2020-12-13T14:50:16.9695180+03:00 0HM4VBL0EIRO5:00000002 [INF] Request starting HTTP/1.1 GET http://localhost:44327/img/heritageObjects/f2d3a666-3b53-443b-9214-ff4da5083466_house.jpg   (ca22a1cb)
2020-12-13T14:50:16.9716083+03:00 0HM4VBL0EIRO6:00000001 [INF] Request finished in 5.9945ms 404  (791a596a)
2020-12-13T14:50:16.9821066+03:00 0HM4VBL0EIRO5:00000002 [INF] Request finished in 12.6564ms 404  (791a596a)
2020-12-13T14:50:17.0251078+03:00 0HM4VBL0EIRO6:00000002 [INF] Request starting HTTP/1.1 POST http://localhost:44327/chat/negotiate?negotiateVersion=1 text/plain;charset=UTF-8 0 (ca22a1cb)
2020-12-13T14:50:17.0269317+03:00 0HM4VBL0EIRO6:00000002 [INF] Executing endpoint '"/chat/negotiate"' (500cc934)
2020-12-13T14:50:17.0340924+03:00 0HM4VBL0EIRO6:00000002 [INF] Executed endpoint '"/chat/negotiate"' (99874f2b)
2020-12-13T14:50:17.0342053+03:00 0HM4VBL0EIRO6:00000002 [INF] Request finished in 9.1669ms 200 application/json (791a596a)
2020-12-13T14:50:17.0417870+03:00 0HM4VBL0EIRO5:00000003 [INF] Request starting HTTP/1.1 GET http://localhost:44327/chat?id=LCIMbxwSZz7yoQzm9ohbTg   (ca22a1cb)
2020-12-13T14:50:17.0424031+03:00 0HM4VBL0EIRO5:00000003 [INF] Executing endpoint '"/chat"' (500cc934)
2020-12-13T14:50:19.1385987+03:00 0HM4VBL0EIRO6:00000003 [INF] Request starting HTTP/1.1 GET http://localhost:44327/Admin/Roles   (ca22a1cb)
2020-12-13T14:50:19.1427645+03:00 0HM4VBL0EIRO6:00000003 [INF] Executing endpoint '"HeritageWebApplication.Areas.Admin.Controllers.RolesController.Index (HeritageWebApplication)"' (500cc934)
2020-12-13T14:50:19.1459551+03:00 0HM4VBL0EIRO6:00000003 [INF] Route matched with "{area = \"Admin\", action = \"Index\", controller = \"Roles\"}". Executing controller action with signature "Microsoft.AspNetCore.Mvc.IActionResult Index()" on controller "HeritageWebApplication.Areas.Admin.Controllers.RolesController" ("HeritageWebApplication"). (122b2fdf)
2020-12-13T14:50:19.1534047+03:00 0HM4VBL0EIRO6:00000003 [INF] Authorization was successful. (0d575a54)
2020-12-13T14:50:19.1794029+03:00 0HM4VBL0EIRO6:00000003 [INF] Entity Framework Core "5.0.0" initialized '"ApplicationDbContext"' using provider '"Npgsql.EntityFrameworkCore.PostgreSQL"' with options: "None" (9958f5bb)
2020-12-13T14:50:19.3453077+03:00 0HM4VBL0EIRO6:00000003 [INF] Executed DbCommand ("160"ms) [Parameters=[""], CommandType='Text', CommandTimeout='30']"
""SELECT a.\"Id\", a.\"AccessFailedCount\", a.\"ConcurrencyStamp\", a.\"Email\", a.\"EmailConfirmed\", a.\"Image\", a.\"LockoutEnabled\", a.\"LockoutEnd\", a.\"NormalizedEmail\", a.\"NormalizedUserName\", a.\"PasswordHash\", a.\"PhoneNumber\", a.\"PhoneNumberConfirmed\", a.\"SecurityStamp\", a.\"TwoFactorEnabled\", a.\"UserName\"
FROM \"AspNetUsers\" AS a" (0723d8ff)
2020-12-13T14:50:19.3870228+03:00 0HM4VBL0EIRO6:00000003 [INF] Executing ViewResult, running view "Index". (c83d0e25)
2020-12-13T14:50:19.3926831+03:00 0HM4VBL0EIRO6:00000003 [INF] Executed ViewResult - view "Index" executed in 6.1644ms. (f66409e9)
2020-12-13T14:50:19.3927864+03:00 0HM4VBL0EIRO6:00000003 [INF] Executed action "HeritageWebApplication.Areas.Admin.Controllers.RolesController.Index (HeritageWebApplication)" in 246.7458ms (afa2e885)
2020-12-13T14:50:19.3928272+03:00 0HM4VBL0EIRO6:00000003 [INF] Executed endpoint '"HeritageWebApplication.Areas.Admin.Controllers.RolesController.Index (HeritageWebApplication)"' (99874f2b)
2020-12-13T14:50:19.3930934+03:00 0HM4VBL0EIRO6:00000003 [INF] Request finished in 255.7123ms 200 text/html; charset=utf-8 (791a596a)
2020-12-13T14:50:19.4111162+03:00 0HM4VBL0EIRO5:00000003 [INF] Executed endpoint '"/chat"' (99874f2b)
2020-12-13T14:50:19.4125414+03:00 0HM4VBL0EIRO5:00000003 [INF] Request finished in 2370.7233ms 101  (791a596a)
2020-12-13T14:50:19.4290453+03:00 0HM4VBL0EIRO6:00000004 [INF] Request starting HTTP/1.1 POST http://localhost:44327/chat/negotiate?negotiateVersion=1 text/plain;charset=UTF-8 0 (ca22a1cb)
2020-12-13T14:50:19.4298970+03:00 0HM4VBL0EIRO6:00000004 [INF] Executing endpoint '"/chat/negotiate"' (500cc934)
2020-12-13T14:50:19.4304459+03:00 0HM4VBL0EIRO6:00000004 [INF] Executed endpoint '"/chat/negotiate"' (99874f2b)
2020-12-13T14:50:19.4305512+03:00 0HM4VBL0EIRO6:00000004 [INF] Request finished in 1.7045ms 200 application/json (791a596a)
2020-12-13T14:50:19.4376572+03:00 0HM4VBL0EIRO6:00000005 [INF] Request starting HTTP/1.1 GET http://localhost:44327/chat?id=JDLVmlnPvatlBm6PR00k1Q   (ca22a1cb)
2020-12-13T14:50:19.4382935+03:00 0HM4VBL0EIRO6:00000005 [INF] Executing endpoint '"/chat"' (500cc934)
2020-12-13T14:50:20.8089221+03:00 0HM4VBL0EIRO7:00000001 [INF] Request starting HTTP/1.1 GET http://localhost:44327/Admin/Roles   (ca22a1cb)
2020-12-13T14:50:20.8140518+03:00 0HM4VBL0EIRO7:00000001 [INF] Executing endpoint '"HeritageWebApplication.Areas.Admin.Controllers.RolesController.Index (HeritageWebApplication)"' (500cc934)
2020-12-13T14:50:20.8147646+03:00 0HM4VBL0EIRO7:00000001 [INF] Route matched with "{area = \"Admin\", action = \"Index\", controller = \"Roles\"}". Executing controller action with signature "Microsoft.AspNetCore.Mvc.IActionResult Index()" on controller "HeritageWebApplication.Areas.Admin.Controllers.RolesController" ("HeritageWebApplication"). (122b2fdf)
2020-12-13T14:50:20.8154974+03:00 0HM4VBL0EIRO7:00000001 [INF] Authorization was successful. (0d575a54)
2020-12-13T14:50:20.8242821+03:00 0HM4VBL0EIRO7:00000001 [INF] Entity Framework Core "5.0.0" initialized '"ApplicationDbContext"' using provider '"Npgsql.EntityFrameworkCore.PostgreSQL"' with options: "None" (9958f5bb)
2020-12-13T14:50:20.9786822+03:00 0HM4VBL0EIRO7:00000001 [INF] Executed DbCommand ("153"ms) [Parameters=[""], CommandType='Text', CommandTimeout='30']"
""SELECT a.\"Id\", a.\"AccessFailedCount\", a.\"ConcurrencyStamp\", a.\"Email\", a.\"EmailConfirmed\", a.\"Image\", a.\"LockoutEnabled\", a.\"LockoutEnd\", a.\"NormalizedEmail\", a.\"NormalizedUserName\", a.\"PasswordHash\", a.\"PhoneNumber\", a.\"PhoneNumberConfirmed\", a.\"SecurityStamp\", a.\"TwoFactorEnabled\", a.\"UserName\"
FROM \"AspNetUsers\" AS a" (0723d8ff)
2020-12-13T14:50:20.9817735+03:00 0HM4VBL0EIRO7:00000001 [INF] Executing ViewResult, running view "Index". (c83d0e25)
2020-12-13T14:50:20.9902437+03:00 0HM4VBL0EIRO7:00000001 [INF] Executed ViewResult - view "Index" executed in 8.8673ms. (f66409e9)
2020-12-13T14:50:20.9904876+03:00 0HM4VBL0EIRO7:00000001 [INF] Executed action "HeritageWebApplication.Areas.Admin.Controllers.RolesController.Index (HeritageWebApplication)" in 175.5575ms (afa2e885)
2020-12-13T14:50:20.9905887+03:00 0HM4VBL0EIRO7:00000001 [INF] Executed endpoint '"HeritageWebApplication.Areas.Admin.Controllers.RolesController.Index (HeritageWebApplication)"' (99874f2b)
2020-12-13T14:50:20.9910159+03:00 0HM4VBL0EIRO7:00000001 [INF] Request finished in 182.2613ms 200 text/html; charset=utf-8 (791a596a)
2020-12-13T14:50:21.0001985+03:00 0HM4VBL0EIRO6:00000005 [INF] Executed endpoint '"/chat"' (99874f2b)
2020-12-13T14:50:21.0003725+03:00 0HM4VBL0EIRO6:00000005 [INF] Request finished in 1562.7224ms 101  (791a596a)
2020-12-13T14:50:21.0191079+03:00 0HM4VBL0EIRO7:00000002 [INF] Request starting HTTP/1.1 POST http://localhost:44327/chat/negotiate?negotiateVersion=1 text/plain;charset=UTF-8 0 (ca22a1cb)
2020-12-13T14:50:21.0200857+03:00 0HM4VBL0EIRO7:00000002 [INF] Executing endpoint '"/chat/negotiate"' (500cc934)
2020-12-13T14:50:21.0206758+03:00 0HM4VBL0EIRO7:00000002 [INF] Executed endpoint '"/chat/negotiate"' (99874f2b)
2020-12-13T14:50:21.0208407+03:00 0HM4VBL0EIRO7:00000002 [INF] Request finished in 1.7481ms 200 application/json (791a596a)
2020-12-13T14:50:21.0279366+03:00 0HM4VBL0EIRO7:00000003 [INF] Request starting HTTP/1.1 GET http://localhost:44327/chat?id=FhOaiCJ-Pai1VuZR2acMnA   (ca22a1cb)
2020-12-13T14:50:21.0283670+03:00 0HM4VBL0EIRO7:00000003 [INF] Executing endpoint '"/chat"' (500cc934)
2020-12-13T14:50:22.2024983+03:00 0HM4VBL0EIRO8:00000001 [INF] Request starting HTTP/1.1 GET http://localhost:44327/Admin/Users   (ca22a1cb)
2020-12-13T14:50:22.2066589+03:00 0HM4VBL0EIRO8:00000001 [INF] Executing endpoint '"HeritageWebApplication.Areas.Admin.Controllers.UsersController.Index (HeritageWebApplication)"' (500cc934)
2020-12-13T14:50:22.2097505+03:00 0HM4VBL0EIRO8:00000001 [INF] Route matched with "{area = \"Admin\", action = \"Index\", controller = \"Users\"}". Executing controller action with signature "Microsoft.AspNetCore.Mvc.IActionResult Index()" on controller "HeritageWebApplication.Areas.Admin.Controllers.UsersController" ("HeritageWebApplication"). (122b2fdf)
2020-12-13T14:50:22.2108764+03:00 0HM4VBL0EIRO8:00000001 [INF] Authorization was successful. (0d575a54)
2020-12-13T14:50:22.2567559+03:00 0HM4VBL0EIRO8:00000001 [INF] Entity Framework Core "5.0.0" initialized '"ApplicationDbContext"' using provider '"Npgsql.EntityFrameworkCore.PostgreSQL"' with options: "None" (9958f5bb)
2020-12-13T14:50:22.4085730+03:00 0HM4VBL0EIRO8:00000001 [INF] Executed DbCommand ("151"ms) [Parameters=[""], CommandType='Text', CommandTimeout='30']"
""SELECT a.\"Id\", a.\"AccessFailedCount\", a.\"ConcurrencyStamp\", a.\"Email\", a.\"EmailConfirmed\", a.\"Image\", a.\"LockoutEnabled\", a.\"LockoutEnd\", a.\"NormalizedEmail\", a.\"NormalizedUserName\", a.\"PasswordHash\", a.\"PhoneNumber\", a.\"PhoneNumberConfirmed\", a.\"SecurityStamp\", a.\"TwoFactorEnabled\", a.\"UserName\"
FROM \"AspNetUsers\" AS a" (0723d8ff)
2020-12-13T14:50:22.4140356+03:00 0HM4VBL0EIRO8:00000001 [INF] Executing ViewResult, running view "Index". (c83d0e25)
2020-12-13T14:50:22.4489464+03:00 0HM4VBL0EIRO8:00000001 [INF] Executed ViewResult - view "Index" executed in 37.4214ms. (f66409e9)
2020-12-13T14:50:22.4490318+03:00 0HM4VBL0EIRO8:00000001 [INF] Executed action "HeritageWebApplication.Areas.Admin.Controllers.UsersController.Index (HeritageWebApplication)" in 239.1924ms (afa2e885)
2020-12-13T14:50:22.4490648+03:00 0HM4VBL0EIRO8:00000001 [INF] Executed endpoint '"HeritageWebApplication.Areas.Admin.Controllers.UsersController.Index (HeritageWebApplication)"' (99874f2b)
2020-12-13T14:50:22.4492482+03:00 0HM4VBL0EIRO8:00000001 [INF] Request finished in 247.2002ms 200 text/html; charset=utf-8 (791a596a)
2020-12-13T14:50:22.4567493+03:00 0HM4VBL0EIRO7:00000003 [INF] Executed endpoint '"/chat"' (99874f2b)
2020-12-13T14:50:22.4569186+03:00 0HM4VBL0EIRO7:00000003 [INF] Request finished in 1428.9613ms 101  (791a596a)
2020-12-13T14:50:22.4745330+03:00 0HM4VBL0EIRO8:00000002 [INF] Request starting HTTP/1.1 POST http://localhost:44327/chat/negotiate?negotiateVersion=1 text/plain;charset=UTF-8 0 (ca22a1cb)
2020-12-13T14:50:22.4749352+03:00 0HM4VBL0EIRO8:00000002 [INF] Executing endpoint '"/chat/negotiate"' (500cc934)
2020-12-13T14:50:22.4752295+03:00 0HM4VBL0EIRO8:00000002 [INF] Executed endpoint '"/chat/negotiate"' (99874f2b)
2020-12-13T14:50:22.4752726+03:00 0HM4VBL0EIRO8:00000002 [INF] Request finished in 0.798ms 200 application/json (791a596a)
2020-12-13T14:50:22.4845820+03:00 0HM4VBL0EIRO8:00000003 [INF] Request starting HTTP/1.1 GET http://localhost:44327/chat?id=X76qK1zYMh0tjP5Td_M9OQ   (ca22a1cb)
2020-12-13T14:50:22.4849905+03:00 0HM4VBL0EIRO8:00000003 [INF] Executing endpoint '"/chat"' (500cc934)
2020-12-13T14:59:50.3889681+03:00  [INF] User profile is available. Using '"C:\Users\Сергей\AppData\Local\ASP.NET\DataProtection-Keys"' as key repository and Windows DPAPI to encrypt keys at rest. (7ac5e29c)
2020-12-13T14:59:50.6043953+03:00  [INF] Now listening on: "http://127.0.0.1:47857" (d826f4b8)
2020-12-13T14:59:50.6061438+03:00  [INF] Application started. Press Ctrl+C to shut down. (dcaefe54)
2020-12-13T14:59:50.6062006+03:00  [INF] Hosting environment: "Development" (c3307c92)
2020-12-13T14:59:50.6062351+03:00  [INF] Content root path: "C:\Users\Сергей\RiderProjects\HeritageWebApplication\HeritageWebApplication" (b5d60022)
2020-12-13T14:59:50.8657737+03:00 0HM4VBQC92BGD:00000001 [INF] Request starting HTTP/1.1 GET http://localhost:44327/   (ca22a1cb)
2020-12-13T14:59:51.0338118+03:00 0HM4VBQC92BGD:00000001 [INF] Executing endpoint '"HeritageWebApplication.Controllers.HomeController.Index (HeritageWebApplication)"' (500cc934)
2020-12-13T14:59:51.0613997+03:00 0HM4VBQC92BGD:00000001 [INF] Route matched with "{action = \"Index\", controller = \"Home\", area = \"\"}". Executing controller action with signature "Microsoft.AspNetCore.Mvc.IActionResult Index()" on controller "HeritageWebApplication.Controllers.HomeController" ("HeritageWebApplication"). (122b2fdf)
2020-12-13T14:59:51.7970232+03:00 0HM4VBQC92BGD:00000001 [INF] Entity Framework Core "5.0.0" initialized '"ApplicationDbContext"' using provider '"Npgsql.EntityFrameworkCore.PostgreSQL"' with options: "None" (9958f5bb)
2020-12-13T14:59:53.3056543+03:00 0HM4VBQC92BGD:00000001 [INF] Executed DbCommand ("154"ms) [Parameters=[""], CommandType='Text', CommandTimeout='30']"
""SELECT b.\"Id\", b.\"Desc\", b.\"Image\", b.\"Location\", b.\"Name\", b.\"ShortDesc\"
FROM \"Buildings\" AS b" (0723d8ff)
2020-12-13T14:59:53.3493398+03:00 0HM4VBQC92BGD:00000001 [INF] Executing ViewResult, running view "Index". (c83d0e25)
2020-12-13T14:59:53.4229158+03:00 0HM4VBQC92BGD:00000001 [INF] Executed ViewResult - view "Index" executed in 71.0764ms. (f66409e9)
2020-12-13T14:59:53.4233354+03:00 0HM4VBQC92BGD:00000001 [INF] Executed action "HeritageWebApplication.Controllers.HomeController.Index (HeritageWebApplication)" in 2361.6482ms (afa2e885)
2020-12-13T14:59:53.4243732+03:00 0HM4VBQC92BGD:00000001 [INF] Executed endpoint '"HeritageWebApplication.Controllers.HomeController.Index (HeritageWebApplication)"' (99874f2b)
2020-12-13T14:59:53.4304543+03:00 0HM4VBQC92BGD:00000001 [INF] Request finished in 2568.516ms 200 text/html; charset=utf-8 (791a596a)
2020-12-13T14:59:53.4641714+03:00 0HM4VBQC92BGE:00000001 [INF] Request starting HTTP/1.1 GET http://localhost:44327/img/heritageObjects/f2d3a666-3b53-443b-9214-ff4da5083466_house.jpg   (ca22a1cb)
2020-12-13T14:59:53.4686641+03:00 0HM4VBQC92BGE:00000001 [INF] Request finished in 4.5045ms 404  (791a596a)
2020-12-13T14:59:53.5001628+03:00 0HM4VBQC92BGD:00000002 [INF] Request starting HTTP/1.1 GET http://localhost:44327/img/heritageObjects/18122d89-7c41-4735-b15a-8f8f66fcd226_ratusha.jpg   (ca22a1cb)
2020-12-13T14:59:53.5140020+03:00 0HM4VBQC92BGD:00000002 [INF] Request finished in 13.8637ms 404  (791a596a)
2020-12-13T14:59:53.5399246+03:00 0HM4VBQC92BGE:00000002 [INF] Request starting HTTP/1.1 POST http://localhost:44327/chat/negotiate?negotiateVersion=1 text/plain;charset=UTF-8 0 (ca22a1cb)
2020-12-13T14:59:53.5406664+03:00 0HM4VBQC92BGE:00000002 [INF] Executing endpoint '"/chat/negotiate"' (500cc934)
2020-12-13T14:59:53.5486479+03:00 0HM4VBQC92BGE:00000002 [INF] Executed endpoint '"/chat/negotiate"' (99874f2b)
2020-12-13T14:59:53.5487646+03:00 0HM4VBQC92BGE:00000002 [INF] Request finished in 8.8966ms 200 application/json (791a596a)
2020-12-13T14:59:53.5686639+03:00 0HM4VBQC92BGD:00000003 [INF] Request starting HTTP/1.1 GET http://localhost:44327/chat?id=iD3az9-8Je0CwLR_ELSYZQ   (ca22a1cb)
2020-12-13T14:59:53.5691562+03:00 0HM4VBQC92BGD:00000003 [INF] Executing endpoint '"/chat"' (500cc934)
2020-12-13T14:59:55.8067228+03:00 0HM4VBQC92BGE:00000003 [INF] Request starting HTTP/1.1 GET http://localhost:44327/Admin/Users   (ca22a1cb)
2020-12-13T14:59:55.8105512+03:00 0HM4VBQC92BGE:00000003 [INF] Executing endpoint '"HeritageWebApplication.Areas.Admin.Controllers.UsersController.Index (HeritageWebApplication)"' (500cc934)
2020-12-13T14:59:55.8170475+03:00 0HM4VBQC92BGE:00000003 [INF] Route matched with "{area = \"Admin\", action = \"Index\", controller = \"Users\"}". Executing controller action with signature "System.Threading.Tasks.Task`1[Microsoft.AspNetCore.Mvc.IActionResult] Index()" on controller "HeritageWebApplication.Areas.Admin.Controllers.UsersController" ("HeritageWebApplication"). (122b2fdf)
2020-12-13T14:59:55.8248471+03:00 0HM4VBQC92BGE:00000003 [INF] Authorization was successful. (0d575a54)
2020-12-13T14:59:55.8564598+03:00 0HM4VBQC92BGE:00000003 [INF] Entity Framework Core "5.0.0" initialized '"ApplicationDbContext"' using provider '"Npgsql.EntityFrameworkCore.PostgreSQL"' with options: "None" (9958f5bb)
2020-12-13T14:59:56.1056596+03:00 0HM4VBQC92BGE:00000003 [INF] Executed DbCommand ("160"ms) [Parameters=["@__p_0='?' (DbType = Int32)"], CommandType='Text', CommandTimeout='30']"
""SELECT a.\"Id\", a.\"AccessFailedCount\", a.\"ConcurrencyStamp\", a.\"Email\", a.\"EmailConfirmed\", a.\"Image\", a.\"LockoutEnabled\", a.\"LockoutEnd\", a.\"NormalizedEmail\", a.\"NormalizedUserName\", a.\"PasswordHash\", a.\"PhoneNumber\", a.\"PhoneNumberConfirmed\", a.\"SecurityStamp\", a.\"TwoFactorEnabled\", a.\"UserName\"
FROM \"AspNetUsers\" AS a
WHERE a.\"Id\" = @__p_0
LIMIT 1" (0723d8ff)
2020-12-13T14:59:56.3425261+03:00 0HM4VBQC92BGE:00000003 [INF] Executed DbCommand ("151"ms) [Parameters=[""], CommandType='Text', CommandTimeout='30']"
""SELECT a.\"Id\", a.\"AccessFailedCount\", a.\"ConcurrencyStamp\", a.\"Email\", a.\"EmailConfirmed\", a.\"Image\", a.\"LockoutEnabled\", a.\"LockoutEnd\", a.\"NormalizedEmail\", a.\"NormalizedUserName\", a.\"PasswordHash\", a.\"PhoneNumber\", a.\"PhoneNumberConfirmed\", a.\"SecurityStamp\", a.\"TwoFactorEnabled\", a.\"UserName\"
FROM \"AspNetUsers\" AS a" (0723d8ff)
2020-12-13T14:59:56.3468056+03:00 0HM4VBQC92BGE:00000003 [INF] Executing ViewResult, running view "Index". (c83d0e25)
2020-12-13T14:59:56.3828737+03:00 0HM4VBQC92BGE:00000003 [INF] Executed ViewResult - view "Index" executed in 36.7798ms. (f66409e9)
2020-12-13T14:59:56.3836145+03:00 0HM4VBQC92BGE:00000003 [INF] Executed action "HeritageWebApplication.Areas.Admin.Controllers.UsersController.Index (HeritageWebApplication)" in 566.4769ms (afa2e885)
2020-12-13T14:59:56.3840654+03:00 0HM4VBQC92BGE:00000003 [INF] Executed endpoint '"HeritageWebApplication.Areas.Admin.Controllers.UsersController.Index (HeritageWebApplication)"' (99874f2b)
2020-12-13T14:59:56.3854771+03:00 0HM4VBQC92BGE:00000003 [INF] Request finished in 579.2992ms 200 text/html; charset=utf-8 (791a596a)
2020-12-13T14:59:56.4011576+03:00 0HM4VBQC92BGD:00000003 [INF] Executed endpoint '"/chat"' (99874f2b)
2020-12-13T14:59:56.4017245+03:00 0HM4VBQC92BGD:00000003 [INF] Request finished in 2833.0527ms 101  (791a596a)
2020-12-13T14:59:56.4157933+03:00 0HM4VBQC92BGE:00000004 [INF] Request starting HTTP/1.1 POST http://localhost:44327/chat/negotiate?negotiateVersion=1 text/plain;charset=UTF-8 0 (ca22a1cb)
2020-12-13T14:59:56.4168325+03:00 0HM4VBQC92BGE:00000004 [INF] Executing endpoint '"/chat/negotiate"' (500cc934)
2020-12-13T14:59:56.4171811+03:00 0HM4VBQC92BGE:00000004 [INF] Executed endpoint '"/chat/negotiate"' (99874f2b)
2020-12-13T14:59:56.4172403+03:00 0HM4VBQC92BGE:00000004 [INF] Request finished in 1.5878ms 200 application/json (791a596a)
2020-12-13T14:59:56.4349618+03:00 0HM4VBQC92BGE:00000005 [INF] Request starting HTTP/1.1 GET http://localhost:44327/chat?id=A2tAH1Oy3Lmm4Nr7noAYeA   (ca22a1cb)
2020-12-13T14:59:56.4353466+03:00 0HM4VBQC92BGE:00000005 [INF] Executing endpoint '"/chat"' (500cc934)
2020-12-13T14:59:58.8217340+03:00 0HM4VBQC92BGF:00000001 [INF] Request starting HTTP/1.1 GET http://localhost:44327/Admin/Roles   (ca22a1cb)
2020-12-13T14:59:58.8266215+03:00 0HM4VBQC92BGF:00000001 [INF] Executing endpoint '"HeritageWebApplication.Areas.Admin.Controllers.RolesController.Index (HeritageWebApplication)"' (500cc934)
2020-12-13T14:59:58.8310049+03:00 0HM4VBQC92BGF:00000001 [INF] Route matched with "{area = \"Admin\", action = \"Index\", controller = \"Roles\"}". Executing controller action with signature "Microsoft.AspNetCore.Mvc.IActionResult Index()" on controller "HeritageWebApplication.Areas.Admin.Controllers.RolesController" ("HeritageWebApplication"). (122b2fdf)
2020-12-13T14:59:58.8321343+03:00 0HM4VBQC92BGF:00000001 [INF] Authorization was successful. (0d575a54)
2020-12-13T14:59:58.8411756+03:00 0HM4VBQC92BGF:00000001 [INF] Entity Framework Core "5.0.0" initialized '"ApplicationDbContext"' using provider '"Npgsql.EntityFrameworkCore.PostgreSQL"' with options: "None" (9958f5bb)
2020-12-13T14:59:58.9945778+03:00 0HM4VBQC92BGF:00000001 [INF] Executed DbCommand ("152"ms) [Parameters=[""], CommandType='Text', CommandTimeout='30']"
""SELECT a.\"Id\", a.\"AccessFailedCount\", a.\"ConcurrencyStamp\", a.\"Email\", a.\"EmailConfirmed\", a.\"Image\", a.\"LockoutEnabled\", a.\"LockoutEnd\", a.\"NormalizedEmail\", a.\"NormalizedUserName\", a.\"PasswordHash\", a.\"PhoneNumber\", a.\"PhoneNumberConfirmed\", a.\"SecurityStamp\", a.\"TwoFactorEnabled\", a.\"UserName\"
FROM \"AspNetUsers\" AS a" (0723d8ff)
2020-12-13T14:59:58.9994616+03:00 0HM4VBQC92BGF:00000001 [INF] Executing ViewResult, running view "Index". (c83d0e25)
2020-12-13T14:59:59.0092944+03:00 0HM4VBQC92BGF:00000001 [INF] Executed ViewResult - view "Index" executed in 12.091ms. (f66409e9)
2020-12-13T14:59:59.0094306+03:00 0HM4VBQC92BGF:00000001 [INF] Executed action "HeritageWebApplication.Areas.Admin.Controllers.RolesController.Index (HeritageWebApplication)" in 178.0871ms (afa2e885)
2020-12-13T14:59:59.0094879+03:00 0HM4VBQC92BGF:00000001 [INF] Executed endpoint '"HeritageWebApplication.Areas.Admin.Controllers.RolesController.Index (HeritageWebApplication)"' (99874f2b)
2020-12-13T14:59:59.0097667+03:00 0HM4VBQC92BGF:00000001 [INF] Request finished in 188.2143ms 200 text/html; charset=utf-8 (791a596a)
2020-12-13T14:59:59.0165964+03:00 0HM4VBQC92BGE:00000005 [INF] Executed endpoint '"/chat"' (99874f2b)
2020-12-13T14:59:59.0167238+03:00 0HM4VBQC92BGE:00000005 [INF] Request finished in 2581.7765ms 101  (791a596a)
2020-12-13T14:59:59.0283514+03:00 0HM4VBQC92BGF:00000002 [INF] Request starting HTTP/1.1 POST http://localhost:44327/chat/negotiate?negotiateVersion=1 text/plain;charset=UTF-8 0 (ca22a1cb)
2020-12-13T14:59:59.0300521+03:00 0HM4VBQC92BGF:00000002 [INF] Executing endpoint '"/chat/negotiate"' (500cc934)
2020-12-13T14:59:59.0304310+03:00 0HM4VBQC92BGF:00000002 [INF] Executed endpoint '"/chat/negotiate"' (99874f2b)
2020-12-13T14:59:59.0304868+03:00 0HM4VBQC92BGF:00000002 [INF] Request finished in 2.2333ms 200 application/json (791a596a)
2020-12-13T14:59:59.0409275+03:00 0HM4VBQC92BGF:00000003 [INF] Request starting HTTP/1.1 GET http://localhost:44327/chat?id=I-T6QAcDUv4b8g-OvanHbw   (ca22a1cb)
2020-12-13T14:59:59.0413761+03:00 0HM4VBQC92BGF:00000003 [INF] Executing endpoint '"/chat"' (500cc934)
2020-12-13T15:01:41.7265377+03:00  [INF] User profile is available. Using '"C:\Users\Сергей\AppData\Local\ASP.NET\DataProtection-Keys"' as key repository and Windows DPAPI to encrypt keys at rest. (7ac5e29c)
2020-12-13T15:01:41.8910403+03:00  [INF] Now listening on: "http://127.0.0.1:39208" (d826f4b8)
2020-12-13T15:01:41.8926980+03:00  [INF] Application started. Press Ctrl+C to shut down. (dcaefe54)
2020-12-13T15:01:41.8927497+03:00  [INF] Hosting environment: "Development" (c3307c92)
2020-12-13T15:01:41.8927684+03:00  [INF] Content root path: "C:\Users\Сергей\RiderProjects\HeritageWebApplication\HeritageWebApplication" (b5d60022)
2020-12-13T15:01:42.0227674+03:00 0HM4VBRDD4TGS:00000001 [INF] Request starting HTTP/1.1 GET http://localhost:44327/   (ca22a1cb)
2020-12-13T15:01:42.1756252+03:00 0HM4VBRDD4TGS:00000001 [INF] Executing endpoint '"HeritageWebApplication.Controllers.HomeController.Index (HeritageWebApplication)"' (500cc934)
2020-12-13T15:01:42.2026255+03:00 0HM4VBRDD4TGS:00000001 [INF] Route matched with "{action = \"Index\", controller = \"Home\", area = \"\"}". Executing controller action with signature "Microsoft.AspNetCore.Mvc.IActionResult Index()" on controller "HeritageWebApplication.Controllers.HomeController" ("HeritageWebApplication"). (122b2fdf)
2020-12-13T15:01:42.9527908+03:00 0HM4VBRDD4TGS:00000001 [INF] Entity Framework Core "5.0.0" initialized '"ApplicationDbContext"' using provider '"Npgsql.EntityFrameworkCore.PostgreSQL"' with options: "None" (9958f5bb)
2020-12-13T15:01:44.4566324+03:00 0HM4VBRDD4TGS:00000001 [INF] Executed DbCommand ("156"ms) [Parameters=[""], CommandType='Text', CommandTimeout='30']"
""SELECT b.\"Id\", b.\"Desc\", b.\"Image\", b.\"Location\", b.\"Name\", b.\"ShortDesc\"
FROM \"Buildings\" AS b" (0723d8ff)
2020-12-13T15:01:44.5057198+03:00 0HM4VBRDD4TGS:00000001 [INF] Executing ViewResult, running view "Index". (c83d0e25)
2020-12-13T15:01:44.5755811+03:00 0HM4VBRDD4TGS:00000001 [INF] Executed ViewResult - view "Index" executed in 68.5421ms. (f66409e9)
2020-12-13T15:01:44.5758772+03:00 0HM4VBRDD4TGS:00000001 [INF] Executed action "HeritageWebApplication.Controllers.HomeController.Index (HeritageWebApplication)" in 2372.575ms (afa2e885)
2020-12-13T15:01:44.5767066+03:00 0HM4VBRDD4TGS:00000001 [INF] Executed endpoint '"HeritageWebApplication.Controllers.HomeController.Index (HeritageWebApplication)"' (99874f2b)
2020-12-13T15:01:44.5840317+03:00 0HM4VBRDD4TGS:00000001 [INF] Request finished in 2565.2906ms 200 text/html; charset=utf-8 (791a596a)
2020-12-13T15:01:44.6123005+03:00 0HM4VBRDD4TGT:00000001 [INF] Request starting HTTP/1.1 GET http://localhost:44327/img/heritageObjects/f2d3a666-3b53-443b-9214-ff4da5083466_house.jpg   (ca22a1cb)
2020-12-13T15:01:44.6152915+03:00 0HM4VBRDD4TGS:00000002 [INF] Request starting HTTP/1.1 GET http://localhost:44327/img/heritageObjects/18122d89-7c41-4735-b15a-8f8f66fcd226_ratusha.jpg   (ca22a1cb)
2020-12-13T15:01:44.6174878+03:00 0HM4VBRDD4TGT:00000001 [INF] Request finished in 5.168ms 404  (791a596a)
2020-12-13T15:01:44.6337321+03:00 0HM4VBRDD4TGS:00000002 [INF] Request finished in 18.474ms 404  (791a596a)
2020-12-13T15:01:44.6864515+03:00 0HM4VBRDD4TGT:00000002 [INF] Request starting HTTP/1.1 POST http://localhost:44327/chat/negotiate?negotiateVersion=1 text/plain;charset=UTF-8 0 (ca22a1cb)
2020-12-13T15:01:44.6886328+03:00 0HM4VBRDD4TGT:00000002 [INF] Executing endpoint '"/chat/negotiate"' (500cc934)
2020-12-13T15:01:44.6956908+03:00 0HM4VBRDD4TGT:00000002 [INF] Executed endpoint '"/chat/negotiate"' (99874f2b)
2020-12-13T15:01:44.6958118+03:00 0HM4VBRDD4TGT:00000002 [INF] Request finished in 9.4354ms 200 application/json (791a596a)
2020-12-13T15:01:44.7040185+03:00 0HM4VBRDD4TGS:00000003 [INF] Request starting HTTP/1.1 GET http://localhost:44327/chat?id=9zQnL3p-Ss8Fo3zFWUwDcA   (ca22a1cb)
2020-12-13T15:01:44.7046349+03:00 0HM4VBRDD4TGS:00000003 [INF] Executing endpoint '"/chat"' (500cc934)
2020-12-13T15:01:55.1588483+03:00 0HM4VBRDD4TGT:00000003 [INF] Request starting HTTP/1.1 GET http://localhost:44327/Admin/Roles   (ca22a1cb)
2020-12-13T15:01:55.1626023+03:00 0HM4VBRDD4TGT:00000003 [INF] Executing endpoint '"HeritageWebApplication.Areas.Admin.Controllers.RolesController.Index (HeritageWebApplication)"' (500cc934)
2020-12-13T15:01:55.1686176+03:00 0HM4VBRDD4TGT:00000003 [INF] Route matched with "{area = \"Admin\", action = \"Index\", controller = \"Roles\"}". Executing controller action with signature "System.Threading.Tasks.Task`1[Microsoft.AspNetCore.Mvc.IActionResult] Index()" on controller "HeritageWebApplication.Areas.Admin.Controllers.RolesController" ("HeritageWebApplication"). (122b2fdf)
2020-12-13T15:01:55.1746820+03:00 0HM4VBRDD4TGT:00000003 [INF] Authorization was successful. (0d575a54)
2020-12-13T15:01:55.2042259+03:00 0HM4VBRDD4TGT:00000003 [INF] Entity Framework Core "5.0.0" initialized '"ApplicationDbContext"' using provider '"Npgsql.EntityFrameworkCore.PostgreSQL"' with options: "None" (9958f5bb)
2020-12-13T15:01:55.4481370+03:00 0HM4VBRDD4TGT:00000003 [INF] Executed DbCommand ("159"ms) [Parameters=["@__p_0='?' (DbType = Int32)"], CommandType='Text', CommandTimeout='30']"
""SELECT a.\"Id\", a.\"AccessFailedCount\", a.\"ConcurrencyStamp\", a.\"Email\", a.\"EmailConfirmed\", a.\"Image\", a.\"LockoutEnabled\", a.\"LockoutEnd\", a.\"NormalizedEmail\", a.\"NormalizedUserName\", a.\"PasswordHash\", a.\"PhoneNumber\", a.\"PhoneNumberConfirmed\", a.\"SecurityStamp\", a.\"TwoFactorEnabled\", a.\"UserName\"
FROM \"AspNetUsers\" AS a
WHERE a.\"Id\" = @__p_0
LIMIT 1" (0723d8ff)
2020-12-13T15:01:55.6740002+03:00 0HM4VBRDD4TGT:00000003 [INF] Executed DbCommand ("149"ms) [Parameters=[""], CommandType='Text', CommandTimeout='30']"
""SELECT a.\"Id\", a.\"AccessFailedCount\", a.\"ConcurrencyStamp\", a.\"Email\", a.\"EmailConfirmed\", a.\"Image\", a.\"LockoutEnabled\", a.\"LockoutEnd\", a.\"NormalizedEmail\", a.\"NormalizedUserName\", a.\"PasswordHash\", a.\"PhoneNumber\", a.\"PhoneNumberConfirmed\", a.\"SecurityStamp\", a.\"TwoFactorEnabled\", a.\"UserName\"
FROM \"AspNetUsers\" AS a" (0723d8ff)
2020-12-13T15:01:55.6784616+03:00 0HM4VBRDD4TGT:00000003 [INF] Executing ViewResult, running view "Index". (c83d0e25)
2020-12-13T15:01:55.7017542+03:00 0HM4VBRDD4TGT:00000003 [INF] Executed ViewResult - view "Index" executed in 24.2348ms. (f66409e9)
2020-12-13T15:01:55.7025179+03:00 0HM4VBRDD4TGT:00000003 [INF] Executed action "HeritageWebApplication.Areas.Admin.Controllers.RolesController.Index (HeritageWebApplication)" in 533.804ms (afa2e885)
2020-12-13T15:01:55.7029858+03:00 0HM4VBRDD4TGT:00000003 [INF] Executed endpoint '"HeritageWebApplication.Areas.Admin.Controllers.RolesController.Index (HeritageWebApplication)"' (99874f2b)
2020-12-13T15:01:55.7043736+03:00 0HM4VBRDD4TGT:00000003 [INF] Request finished in 545.8518ms 200 text/html; charset=utf-8 (791a596a)
2020-12-13T15:01:55.7175807+03:00 0HM4VBRDD4TGS:00000003 [INF] Executed endpoint '"/chat"' (99874f2b)
2020-12-13T15:01:55.7177199+03:00 0HM4VBRDD4TGS:00000003 [INF] Request finished in 11013.7372ms 101  (791a596a)
2020-12-13T15:01:55.7280490+03:00 0HM4VBRDD4TGT:00000004 [INF] Request starting HTTP/1.1 POST http://localhost:44327/chat/negotiate?negotiateVersion=1 text/plain;charset=UTF-8 0 (ca22a1cb)
2020-12-13T15:01:55.7290614+03:00 0HM4VBRDD4TGT:00000004 [INF] Executing endpoint '"/chat/negotiate"' (500cc934)
2020-12-13T15:01:55.7298897+03:00 0HM4VBRDD4TGT:00000004 [INF] Executed endpoint '"/chat/negotiate"' (99874f2b)
2020-12-13T15:01:55.7299615+03:00 0HM4VBRDD4TGT:00000004 [INF] Request finished in 2.022ms 200 application/json (791a596a)
2020-12-13T15:01:55.7401190+03:00 0HM4VBRDD4TGT:00000005 [INF] Request starting HTTP/1.1 GET http://localhost:44327/chat?id=44pfV24Wgm9PySOof9Uf3Q   (ca22a1cb)
2020-12-13T15:01:55.7405734+03:00 0HM4VBRDD4TGT:00000005 [INF] Executing endpoint '"/chat"' (500cc934)
2020-12-13T15:01:56.9675171+03:00 0HM4VBRDD4TGU:00000001 [INF] Request starting HTTP/1.1 GET http://localhost:44327/Admin/Users   (ca22a1cb)
2020-12-13T15:01:56.9801223+03:00 0HM4VBRDD4TGU:00000001 [INF] Executing endpoint '"HeritageWebApplication.Areas.Admin.Controllers.UsersController.Index (HeritageWebApplication)"' (500cc934)
2020-12-13T15:01:56.9907770+03:00 0HM4VBRDD4TGU:00000001 [INF] Route matched with "{area = \"Admin\", action = \"Index\", controller = \"Users\"}". Executing controller action with signature "System.Threading.Tasks.Task`1[Microsoft.AspNetCore.Mvc.IActionResult] Index()" on controller "HeritageWebApplication.Areas.Admin.Controllers.UsersController" ("HeritageWebApplication"). (122b2fdf)
2020-12-13T15:01:56.9916805+03:00 0HM4VBRDD4TGU:00000001 [INF] Authorization was successful. (0d575a54)
2020-12-13T15:01:57.0011749+03:00 0HM4VBRDD4TGU:00000001 [INF] Entity Framework Core "5.0.0" initialized '"ApplicationDbContext"' using provider '"Npgsql.EntityFrameworkCore.PostgreSQL"' with options: "None" (9958f5bb)
2020-12-13T15:01:57.1567146+03:00 0HM4VBRDD4TGU:00000001 [INF] Executed DbCommand ("152"ms) [Parameters=["@__p_0='?' (DbType = Int32)"], CommandType='Text', CommandTimeout='30']"
""SELECT a.\"Id\", a.\"AccessFailedCount\", a.\"ConcurrencyStamp\", a.\"Email\", a.\"EmailConfirmed\", a.\"Image\", a.\"LockoutEnabled\", a.\"LockoutEnd\", a.\"NormalizedEmail\", a.\"NormalizedUserName\", a.\"PasswordHash\", a.\"PhoneNumber\", a.\"PhoneNumberConfirmed\", a.\"SecurityStamp\", a.\"TwoFactorEnabled\", a.\"UserName\"
FROM \"AspNetUsers\" AS a
WHERE a.\"Id\" = @__p_0
LIMIT 1" (0723d8ff)
2020-12-13T15:01:57.3142247+03:00 0HM4VBRDD4TGU:00000001 [INF] Executed DbCommand ("149"ms) [Parameters=[""], CommandType='Text', CommandTimeout='30']"
""SELECT a.\"Id\", a.\"AccessFailedCount\", a.\"ConcurrencyStamp\", a.\"Email\", a.\"EmailConfirmed\", a.\"Image\", a.\"LockoutEnabled\", a.\"LockoutEnd\", a.\"NormalizedEmail\", a.\"NormalizedUserName\", a.\"PasswordHash\", a.\"PhoneNumber\", a.\"PhoneNumberConfirmed\", a.\"SecurityStamp\", a.\"TwoFactorEnabled\", a.\"UserName\"
FROM \"AspNetUsers\" AS a" (0723d8ff)
2020-12-13T15:01:57.3156194+03:00 0HM4VBRDD4TGU:00000001 [INF] Executing ViewResult, running view "Index". (c83d0e25)
2020-12-13T15:01:57.3302131+03:00 0HM4VBRDD4TGU:00000001 [INF] Executed ViewResult - view "Index" executed in 15.2752ms. (f66409e9)
2020-12-13T15:01:57.3303279+03:00 0HM4VBRDD4TGU:00000001 [INF] Executed action "HeritageWebApplication.Areas.Admin.Controllers.UsersController.Index (HeritageWebApplication)" in 339.3603ms (afa2e885)
2020-12-13T15:01:57.3303821+03:00 0HM4VBRDD4TGU:00000001 [INF] Executed endpoint '"HeritageWebApplication.Areas.Admin.Controllers.UsersController.Index (HeritageWebApplication)"' (99874f2b)
2020-12-13T15:01:57.3305588+03:00 0HM4VBRDD4TGU:00000001 [INF] Request finished in 363.7964ms 200 text/html; charset=utf-8 (791a596a)
2020-12-13T15:01:57.3382074+03:00 0HM4VBRDD4TGT:00000005 [INF] Executed endpoint '"/chat"' (99874f2b)
2020-12-13T15:01:57.3383200+03:00 0HM4VBRDD4TGT:00000005 [INF] Request finished in 1598.1998ms 101  (791a596a)
2020-12-13T15:01:57.3564421+03:00 0HM4VBRDD4TGU:00000002 [INF] Request starting HTTP/1.1 POST http://localhost:44327/chat/negotiate?negotiateVersion=1 text/plain;charset=UTF-8 0 (ca22a1cb)
2020-12-13T15:01:57.3579883+03:00 0HM4VBRDD4TGU:00000002 [INF] Executing endpoint '"/chat/negotiate"' (500cc934)
2020-12-13T15:01:57.3583443+03:00 0HM4VBRDD4TGU:00000002 [INF] Executed endpoint '"/chat/negotiate"' (99874f2b)
2020-12-13T15:01:57.3584161+03:00 0HM4VBRDD4TGU:00000002 [INF] Request finished in 2.1127ms 200 application/json (791a596a)
2020-12-13T15:01:57.3699743+03:00 0HM4VBRDD4TGU:00000003 [INF] Request starting HTTP/1.1 GET http://localhost:44327/chat?id=nOe06ABf7-KtwjkLz3C1kg   (ca22a1cb)
2020-12-13T15:01:57.3704599+03:00 0HM4VBRDD4TGU:00000003 [INF] Executing endpoint '"/chat"' (500cc934)
2020-12-13T15:01:58.5056961+03:00 0HM4VBRDD4TGV:00000001 [INF] Request starting HTTP/1.1 GET http://localhost:44327/Admin/Comment   (ca22a1cb)
2020-12-13T15:01:58.5077894+03:00 0HM4VBRDD4TGV:00000001 [INF] Executing endpoint '"HeritageWebApplication.Areas.Admin.Controllers.CommentController.Index (HeritageWebApplication)"' (500cc934)
2020-12-13T15:01:58.5114227+03:00 0HM4VBRDD4TGV:00000001 [INF] Route matched with "{area = \"Admin\", action = \"Index\", controller = \"Comment\"}". Executing controller action with signature "Microsoft.AspNetCore.Mvc.IActionResult Index()" on controller "HeritageWebApplication.Areas.Admin.Controllers.CommentController" ("HeritageWebApplication"). (122b2fdf)
2020-12-13T15:01:58.5121435+03:00 0HM4VBRDD4TGV:00000001 [INF] Authorization was successful. (0d575a54)
2020-12-13T15:01:58.5134030+03:00 0HM4VBRDD4TGV:00000001 [INF] Entity Framework Core "5.0.0" initialized '"ApplicationDbContext"' using provider '"Npgsql.EntityFrameworkCore.PostgreSQL"' with options: "None" (9958f5bb)
2020-12-13T15:01:58.6712167+03:00 0HM4VBRDD4TGV:00000001 [INF] Executed DbCommand ("154"ms) [Parameters=[""], CommandType='Text', CommandTimeout='30']"
""SELECT c.\"Id\", c.\"HeritageObjectId\", c.\"IsEdited\", c.\"Text\", c.\"Time\", c.\"UserId\"
FROM \"Comments\" AS c" (0723d8ff)
2020-12-13T15:01:58.6917158+03:00 0HM4VBRDD4TGV:00000001 [INF] Executing ViewResult, running view "Index". (c83d0e25)
2020-12-13T15:01:58.7020101+03:00 0HM4VBRDD4TGV:00000001 [INF] Executed ViewResult - view "Index" executed in 11.1549ms. (f66409e9)
2020-12-13T15:01:58.7021036+03:00 0HM4VBRDD4TGV:00000001 [INF] Executed action "HeritageWebApplication.Areas.Admin.Controllers.CommentController.Index (HeritageWebApplication)" in 190.5994ms (afa2e885)
2020-12-13T15:01:58.7021430+03:00 0HM4VBRDD4TGV:00000001 [INF] Executed endpoint '"HeritageWebApplication.Areas.Admin.Controllers.CommentController.Index (HeritageWebApplication)"' (99874f2b)
2020-12-13T15:01:58.7023202+03:00 0HM4VBRDD4TGV:00000001 [INF] Request finished in 196.7766ms 200 text/html; charset=utf-8 (791a596a)
2020-12-13T15:01:58.7074642+03:00 0HM4VBRDD4TGU:00000003 [INF] Executed endpoint '"/chat"' (99874f2b)
2020-12-13T15:01:58.7075702+03:00 0HM4VBRDD4TGU:00000003 [INF] Request finished in 1337.6147ms 101  (791a596a)
2020-12-13T15:01:58.7253770+03:00 0HM4VBRDD4TGV:00000002 [INF] Request starting HTTP/1.1 POST http://localhost:44327/chat/negotiate?negotiateVersion=1 text/plain;charset=UTF-8 0 (ca22a1cb)
2020-12-13T15:01:58.7267246+03:00 0HM4VBRDD4TGV:00000002 [INF] Executing endpoint '"/chat/negotiate"' (500cc934)
2020-12-13T15:01:58.7274071+03:00 0HM4VBRDD4TGV:00000002 [INF] Executed endpoint '"/chat/negotiate"' (99874f2b)
2020-12-13T15:01:58.7276695+03:00 0HM4VBRDD4TGV:00000002 [INF] Request finished in 2.2683ms 200 application/json (791a596a)
2020-12-13T15:01:58.7368669+03:00 0HM4VBRDD4TGV:00000003 [INF] Request starting HTTP/1.1 GET http://localhost:44327/chat?id=uLD1uQjGKEyZoiiYCApkIg   (ca22a1cb)
2020-12-13T15:01:58.7377489+03:00 0HM4VBRDD4TGV:00000003 [INF] Executing endpoint '"/chat"' (500cc934)
2020-12-13T15:01:59.7623321+03:00 0HM4VBRDD4TH0:00000001 [INF] Request starting HTTP/1.1 GET http://localhost:44327/Admin/HeritageObject   (ca22a1cb)
2020-12-13T15:01:59.7645453+03:00 0HM4VBRDD4TH0:00000001 [INF] Executing endpoint '"HeritageWebApplication.Areas.Admin.Controllers.HeritageObjectController.Index (HeritageWebApplication)"' (500cc934)
2020-12-13T15:01:59.7671432+03:00 0HM4VBRDD4TH0:00000001 [INF] Route matched with "{area = \"Admin\", action = \"Index\", controller = \"HeritageObject\"}". Executing controller action with signature "Microsoft.AspNetCore.Mvc.IActionResult Index()" on controller "HeritageWebApplication.Areas.Admin.Controllers.HeritageObjectController" ("HeritageWebApplication"). (122b2fdf)
2020-12-13T15:01:59.7680814+03:00 0HM4VBRDD4TH0:00000001 [INF] Authorization was successful. (0d575a54)
2020-12-13T15:01:59.7722341+03:00 0HM4VBRDD4TH0:00000001 [INF] Entity Framework Core "5.0.0" initialized '"ApplicationDbContext"' using provider '"Npgsql.EntityFrameworkCore.PostgreSQL"' with options: "None" (9958f5bb)
2020-12-13T15:01:59.9285780+03:00 0HM4VBRDD4TH0:00000001 [INF] Executed DbCommand ("150"ms) [Parameters=[""], CommandType='Text', CommandTimeout='30']"
""SELECT h.\"Id\", h.\"BuildingId\", h.\"Condition\", h.\"Desc\", h.\"Image\", h.\"ShortDesc\", h.\"Type\"
FROM \"HeritageObjects\" AS h" (0723d8ff)
2020-12-13T15:01:59.9543410+03:00 0HM4VBRDD4TH0:00000001 [INF] Executing ViewResult, running view "Index". (c83d0e25)
2020-12-13T15:01:59.9645804+03:00 0HM4VBRDD4TH0:00000001 [INF] Executed ViewResult - view "Index" executed in 10.9002ms. (f66409e9)
2020-12-13T15:01:59.9646724+03:00 0HM4VBRDD4TH0:00000001 [INF] Executed action "HeritageWebApplication.Areas.Admin.Controllers.HeritageObjectController.Index (HeritageWebApplication)" in 197.3929ms (afa2e885)
2020-12-13T15:01:59.9647113+03:00 0HM4VBRDD4TH0:00000001 [INF] Executed endpoint '"HeritageWebApplication.Areas.Admin.Controllers.HeritageObjectController.Index (HeritageWebApplication)"' (99874f2b)
2020-12-13T15:01:59.9648883+03:00 0HM4VBRDD4TH0:00000001 [INF] Request finished in 202.7121ms 200 text/html; charset=utf-8 (791a596a)
2020-12-13T15:01:59.9700537+03:00 0HM4VBRDD4TGV:00000003 [INF] Executed endpoint '"/chat"' (99874f2b)
2020-12-13T15:01:59.9701652+03:00 0HM4VBRDD4TGV:00000003 [INF] Request finished in 1233.3014ms 101  (791a596a)
2020-12-13T15:01:59.9844144+03:00 0HM4VBRDD4TH0:00000002 [INF] Request starting HTTP/1.1 GET http://localhost:44327/img/heritageObjects/a1a4fceb-ad6b-42b8-a9b8-fad902bd1fe9_rotonda.jpg   (ca22a1cb)
2020-12-13T15:01:59.9859721+03:00 0HM4VBRDD4TH0:00000002 [INF] Request finished in 1.6696ms 404  (791a596a)
2020-12-13T15:01:59.9864282+03:00 0HM4VBRDD4TH1:00000001 [INF] Request starting HTTP/1.1 GET http://localhost:44327/img/heritageObjects/c400a5d0-7880-4976-ba29-2ac839c61641_mozaika.jpg   (ca22a1cb)
2020-12-13T15:01:59.9865157+03:00 0HM4VBRDD4TH2:00000001 [INF] Request starting HTTP/1.1 GET http://localhost:44327/img/heritageObjects/f7a00e1a-e9d2-4b2a-a165-3add11b532de_currency.png   (ca22a1cb)
2020-12-13T15:01:59.9870890+03:00 0HM4VBRDD4TH3:00000001 [INF] Request starting HTTP/1.1 GET http://localhost:44327/img/heritageObjects/aa48929e-dbe3-48a8-aac2-642490cb7d3e_erker.jpg   (ca22a1cb)
2020-12-13T15:01:59.9873095+03:00 0HM4VBRDD4TH1:00000001 [INF] Request finished in 0.8988ms 404  (791a596a)
2020-12-13T15:01:59.9886656+03:00 0HM4VBRDD4TH3:00000001 [INF] Request finished in 1.5506ms 404  (791a596a)
2020-12-13T15:01:59.9945751+03:00 0HM4VBRDD4TH2:00000001 [INF] The file "/img/heritageObjects/f7a00e1a-e9d2-4b2a-a165-3add11b532de_currency.png" was not modified (f1f8d725)
2020-12-13T15:01:59.9950260+03:00 0HM4VBRDD4TH2:00000001 [INF] Request finished in 8.5142ms 304 image/png (791a596a)
2020-12-13T15:02:00.0126345+03:00 0HM4VBRDD4TH0:00000003 [INF] Request starting HTTP/1.1 POST http://localhost:44327/chat/negotiate?negotiateVersion=1 text/plain;charset=UTF-8 0 (ca22a1cb)
2020-12-13T15:02:00.0130713+03:00 0HM4VBRDD4TH0:00000003 [INF] Executing endpoint '"/chat/negotiate"' (500cc934)
2020-12-13T15:02:00.0134489+03:00 0HM4VBRDD4TH0:00000003 [INF] Executed endpoint '"/chat/negotiate"' (99874f2b)
2020-12-13T15:02:00.0135279+03:00 0HM4VBRDD4TH0:00000003 [INF] Request finished in 0.919ms 200 application/json (791a596a)
2020-12-13T15:02:00.0327004+03:00 0HM4VBRDD4TH1:00000002 [INF] Request starting HTTP/1.1 GET http://localhost:44327/chat?id=KsYxzy1L0GrWdWu1cYXfbQ   (ca22a1cb)
2020-12-13T15:02:00.0331029+03:00 0HM4VBRDD4TH1:00000002 [INF] Executing endpoint '"/chat"' (500cc934)
2020-12-13T15:02:00.8638399+03:00 0HM4VBRDD4TH3:00000002 [INF] Request starting HTTP/1.1 GET http://localhost:44327/Admin/Building   (ca22a1cb)
2020-12-13T15:02:00.8704260+03:00 0HM4VBRDD4TH3:00000002 [INF] Executing endpoint '"HeritageWebApplication.Areas.Admin.Controllers.BuildingController.Index (HeritageWebApplication)"' (500cc934)
2020-12-13T15:02:00.8744138+03:00 0HM4VBRDD4TH3:00000002 [INF] Route matched with "{area = \"Admin\", action = \"Index\", controller = \"Building\"}". Executing controller action with signature "Microsoft.AspNetCore.Mvc.IActionResult Index()" on controller "HeritageWebApplication.Areas.Admin.Controllers.BuildingController" ("HeritageWebApplication"). (122b2fdf)
2020-12-13T15:02:00.8761589+03:00 0HM4VBRDD4TH3:00000002 [INF] Authorization was successful. (0d575a54)
2020-12-13T15:02:00.8799911+03:00 0HM4VBRDD4TH3:00000002 [INF] Entity Framework Core "5.0.0" initialized '"ApplicationDbContext"' using provider '"Npgsql.EntityFrameworkCore.PostgreSQL"' with options: "None" (9958f5bb)
2020-12-13T15:02:01.0353523+03:00 0HM4VBRDD4TH3:00000002 [INF] Executed DbCommand ("154"ms) [Parameters=[""], CommandType='Text', CommandTimeout='30']"
""SELECT b.\"Id\", b.\"Desc\", b.\"Image\", b.\"Location\", b.\"Name\", b.\"ShortDesc\"
FROM \"Buildings\" AS b" (0723d8ff)
2020-12-13T15:02:01.0371971+03:00 0HM4VBRDD4TH3:00000002 [INF] Executing ViewResult, running view "Index". (c83d0e25)
2020-12-13T15:02:01.0622333+03:00 0HM4VBRDD4TH3:00000002 [INF] Executed ViewResult - view "Index" executed in 25.8997ms. (f66409e9)
2020-12-13T15:02:01.0623674+03:00 0HM4VBRDD4TH3:00000002 [INF] Executed action "HeritageWebApplication.Areas.Admin.Controllers.BuildingController.Index (HeritageWebApplication)" in 187.1637ms (afa2e885)
2020-12-13T15:02:01.0624283+03:00 0HM4VBRDD4TH3:00000002 [INF] Executed endpoint '"HeritageWebApplication.Areas.Admin.Controllers.BuildingController.Index (HeritageWebApplication)"' (99874f2b)
2020-12-13T15:02:01.0628714+03:00 0HM4VBRDD4TH3:00000002 [INF] Request finished in 199.3707ms 200 text/html; charset=utf-8 (791a596a)
2020-12-13T15:02:01.0687553+03:00 0HM4VBRDD4TH1:00000002 [INF] Executed endpoint '"/chat"' (99874f2b)
2020-12-13T15:02:01.0688485+03:00 0HM4VBRDD4TH1:00000002 [INF] Request finished in 1036.1707ms 101  (791a596a)
2020-12-13T15:02:01.0833248+03:00 0HM4VBRDD4TH0:00000004 [INF] Request starting HTTP/1.1 GET http://localhost:44327/img/heritageObjects/18122d89-7c41-4735-b15a-8f8f66fcd226_ratusha.jpg   (ca22a1cb)
2020-12-13T15:02:01.0833248+03:00 0HM4VBRDD4TH2:00000002 [INF] Request starting HTTP/1.1 GET http://localhost:44327/img/heritageObjects/f2d3a666-3b53-443b-9214-ff4da5083466_house.jpg   (ca22a1cb)
2020-12-13T15:02:01.0850771+03:00 0HM4VBRDD4TH0:00000004 [INF] Request finished in 1.8213ms 404  (791a596a)
2020-12-13T15:02:01.0850771+03:00 0HM4VBRDD4TH2:00000002 [INF] Request finished in 1.8199ms 404  (791a596a)
2020-12-13T15:02:01.0957318+03:00 0HM4VBRDD4TH3:00000003 [INF] Request starting HTTP/1.1 POST http://localhost:44327/chat/negotiate?negotiateVersion=1 text/plain;charset=UTF-8 0 (ca22a1cb)
2020-12-13T15:02:01.0961941+03:00 0HM4VBRDD4TH3:00000003 [INF] Executing endpoint '"/chat/negotiate"' (500cc934)
2020-12-13T15:02:01.0966581+03:00 0HM4VBRDD4TH3:00000003 [INF] Executed endpoint '"/chat/negotiate"' (99874f2b)
2020-12-13T15:02:01.0967751+03:00 0HM4VBRDD4TH3:00000003 [INF] Request finished in 1.0038ms 200 application/json (791a596a)
2020-12-13T15:02:01.1052200+03:00 0HM4VBRDD4TH0:00000005 [INF] Request starting HTTP/1.1 GET http://localhost:44327/chat?id=-Kw4E2gb7gBwMjb1u8Ma2A   (ca22a1cb)
2020-12-13T15:02:01.1059149+03:00 0HM4VBRDD4TH0:00000005 [INF] Executing endpoint '"/chat"' (500cc934)
2020-12-13T15:02:01.7477735+03:00 0HM4VBRDD4TH2:00000003 [INF] Request starting HTTP/1.1 GET http://localhost:44327/   (ca22a1cb)
2020-12-13T15:02:01.7504868+03:00 0HM4VBRDD4TH2:00000003 [INF] Executing endpoint '"HeritageWebApplication.Controllers.HomeController.Index (HeritageWebApplication)"' (500cc934)
2020-12-13T15:02:01.7510742+03:00 0HM4VBRDD4TH2:00000003 [INF] Route matched with "{action = \"Index\", controller = \"Home\", area = \"\"}". Executing controller action with signature "Microsoft.AspNetCore.Mvc.IActionResult Index()" on controller "HeritageWebApplication.Controllers.HomeController" ("HeritageWebApplication"). (122b2fdf)
2020-12-13T15:02:01.7520220+03:00 0HM4VBRDD4TH2:00000003 [INF] Entity Framework Core "5.0.0" initialized '"ApplicationDbContext"' using provider '"Npgsql.EntityFrameworkCore.PostgreSQL"' with options: "None" (9958f5bb)
2020-12-13T15:02:01.9021704+03:00 0HM4VBRDD4TH2:00000003 [INF] Executed DbCommand ("149"ms) [Parameters=[""], CommandType='Text', CommandTimeout='30']"
""SELECT b.\"Id\", b.\"Desc\", b.\"Image\", b.\"Location\", b.\"Name\", b.\"ShortDesc\"
FROM \"Buildings\" AS b" (0723d8ff)
2020-12-13T15:02:01.9029436+03:00 0HM4VBRDD4TH2:00000003 [INF] Executing ViewResult, running view "Index". (c83d0e25)
2020-12-13T15:02:01.9051202+03:00 0HM4VBRDD4TH2:00000003 [INF] Executed ViewResult - view "Index" executed in 2.3044ms. (f66409e9)
2020-12-13T15:02:01.9051980+03:00 0HM4VBRDD4TH2:00000003 [INF] Executed action "HeritageWebApplication.Controllers.HomeController.Index (HeritageWebApplication)" in 154.0557ms (afa2e885)
2020-12-13T15:02:01.9052325+03:00 0HM4VBRDD4TH2:00000003 [INF] Executed endpoint '"HeritageWebApplication.Controllers.HomeController.Index (HeritageWebApplication)"' (99874f2b)
2020-12-13T15:02:01.9053814+03:00 0HM4VBRDD4TH2:00000003 [INF] Request finished in 157.8025ms 200 text/html; charset=utf-8 (791a596a)
2020-12-13T15:02:01.9111916+03:00 0HM4VBRDD4TH0:00000005 [INF] Executed endpoint '"/chat"' (99874f2b)
2020-12-13T15:02:01.9112774+03:00 0HM4VBRDD4TH0:00000005 [INF] Request finished in 806.2073ms 101  (791a596a)
2020-12-13T15:02:01.9233432+03:00 0HM4VBRDD4TH3:00000004 [INF] Request starting HTTP/1.1 GET http://localhost:44327/img/heritageObjects/18122d89-7c41-4735-b15a-8f8f66fcd226_ratusha.jpg   (ca22a1cb)
2020-12-13T15:02:01.9233432+03:00 0HM4VBRDD4TH2:00000004 [INF] Request starting HTTP/1.1 GET http://localhost:44327/img/heritageObjects/f2d3a666-3b53-443b-9214-ff4da5083466_house.jpg   (ca22a1cb)
2020-12-13T15:02:01.9247657+03:00 0HM4VBRDD4TH2:00000004 [INF] Request finished in 1.4649ms 404  (791a596a)
2020-12-13T15:02:01.9251187+03:00 0HM4VBRDD4TH3:00000004 [INF] Request finished in 1.8169ms 404  (791a596a)
2020-12-13T15:02:01.9311829+03:00 0HM4VBRDD4TH3:00000005 [INF] Request starting HTTP/1.1 POST http://localhost:44327/chat/negotiate?negotiateVersion=1 text/plain;charset=UTF-8 0 (ca22a1cb)
2020-12-13T15:02:01.9315516+03:00 0HM4VBRDD4TH3:00000005 [INF] Executing endpoint '"/chat/negotiate"' (500cc934)
2020-12-13T15:02:01.9318358+03:00 0HM4VBRDD4TH3:00000005 [INF] Executed endpoint '"/chat/negotiate"' (99874f2b)
2020-12-13T15:02:01.9319211+03:00 0HM4VBRDD4TH3:00000005 [INF] Request finished in 0.7524ms 200 application/json (791a596a)
2020-12-13T15:02:01.9394253+03:00 0HM4VBRDD4TH2:00000005 [INF] Request starting HTTP/1.1 GET http://localhost:44327/chat?id=yOzGdUUDcNuSa_xSGhRxeA   (ca22a1cb)
2020-12-13T15:02:01.9397787+03:00 0HM4VBRDD4TH2:00000005 [INF] Executing endpoint '"/chat"' (500cc934)
2020-12-13T15:02:12.4760121+03:00 0HM4VBRDD4TH2:00000005 [INF] Executed endpoint '"/chat"' (99874f2b)
2020-12-13T15:02:12.4765351+03:00 0HM4VBRDD4TH2:00000005 [INF] Request finished in 10536.8559ms 101  (791a596a)
